#
# A fatal error has been detected by the Java Runtime Environment:
#
#  EXCEPTION_ACCESS_VIOLATION (0xc0000005) at pc=0x76227adf, pid=4220, tid=7564
#
# JRE version: 6.0_29-b11
# Java VM: Java HotSpot(TM) Client VM (20.4-b02 mixed mode, sharing windows-x86 )
# Problematic frame:
# C  [ole32.dll+0x37adf]
#
# If you would like to submit a bug report, please visit:
#   http://java.sun.com/webapps/bugreport/crash.jsp
# The crash happened outside the Java Virtual Machine in native code.
# See problematic frame for where to report the bug.
#

---------------  T H R E A D  ---------------

Current thread (0x01a18400):  JavaThread "AWT-EventQueue-0" [_thread_in_native, id=7564, stack(0x043e0000,0x04430000)]

siginfo: ExceptionCode=0xc0000005, writing address 0x00000028

Registers:
EAX=0x0442ed3c, EBX=0x76337758, ECX=0x00000000, EDX=0x00000000
ESP=0x0442ed0c, EBP=0x0442ed14, ESI=0x0442ed3c, EDI=0x00000028
EIP=0x76227adf, EFLAGS=0x00010246

Top of Stack: (sp=0x0442ed0c)
0x0442ed0c:   0012b848 0010fde8 0442ed50 762277ab
0x0442ed1c:   0442ed3c 03ee8d4c 0012b848 00000000
0x0442ed2c:   00000000 001008c0 0010fde8 00000000
0x0442ed3c:   00004c00 0000107c 1cd97961 99c0d73d
0x0442ed4c:   313818a1 0442ed6c 7622760a 040398a0
0x0442ed5c:   00000000 7632d83e 03f3e488 0012b848
0x0442ed6c:   0442edb8 7627e1a9 31381849 03f3e488
0x0442ed7c:   03f3e488 03ee8d4c 0442ed9c 75a792ee 

Instructions: (pc=0x76227adf)
0x76227abf:   c6 5e 33 cd 5b e8 d7 14 02 00 c9 c2 08 00 90 90
0x76227acf:   90 90 90 8b ff 55 8b ec 56 8b 75 08 57 8d 79 28
0x76227adf:   a5 a5 a5 a5 5f 5e 5d c2 04 00 ff 75 0c ff 75 08
0x76227aef:   e8 70 ff ff ff e9 8f f3 ff ff 90 90 90 90 90 83 


Register to memory mapping:

EAX=0x0442ed3c is pointing into the stack for thread: 0x01a18400
EBX=0x76337758 is an unknown value
ECX=0x00000000 is an unknown value
EDX=0x00000000 is an unknown value
ESP=0x0442ed0c is pointing into the stack for thread: 0x01a18400
EBP=0x0442ed14 is pointing into the stack for thread: 0x01a18400
ESI=0x0442ed3c is pointing into the stack for thread: 0x01a18400
EDI=0x00000028 is an unknown value


Stack: [0x043e0000,0x04430000],  sp=0x0442ed0c,  free space=315k
Native frames: (J=compiled Java code, j=interpreted, Vv=VM code, C=native code)
C  [ole32.dll+0x37adf]  CoUnmarshalInterface+0x27a4
C  [ole32.dll+0x377ab]  CoUnmarshalInterface+0x2470
C  [ole32.dll+0x3760a]  CoUnmarshalInterface+0x22cf
C  [ole32.dll+0x8e1a9]  CoLockObjectExternal+0x22

Java frames: (J=compiled Java code, j=interpreted, Vv=VM code)
j  sun.awt.windows.WComponentPeer.addNativeDropTarget()J+0
j  sun.awt.windows.WComponentPeer.addDropTarget(Ljava/awt/dnd/DropTarget;)V+9
j  java.awt.dnd.DropTarget.addNotify(Ljava/awt/peer/ComponentPeer;)V+60
j  java.awt.Component.addNotify()V+297
j  java.awt.Container.addNotify()V+8
j  javax.swing.JComponent.addNotify()V+1
j  java.awt.Container.addNotify()V+61
j  javax.swing.JComponent.addNotify()V+1
j  java.awt.Container.addNotify()V+61
j  javax.swing.JComponent.addNotify()V+1
j  java.awt.Container.addNotify()V+61
j  javax.swing.JComponent.addNotify()V+1
j  java.awt.Container.addNotify()V+61
j  javax.swing.JComponent.addNotify()V+1
j  java.awt.Container.addNotify()V+61
j  javax.swing.JComponent.addNotify()V+1
j  java.awt.Container.addNotify()V+61
j  javax.swing.JComponent.addNotify()V+1
j  java.awt.Container.addImpl(Ljava/awt/Component;Ljava/lang/Object;I)V+194
j  java.awt.Container.add(Ljava/awt/Component;Ljava/lang/Object;I)V+4
j  javax.swing.JFrame.addImpl(Ljava/awt/Component;Ljava/lang/Object;I)V+14
j  java.awt.Container.add(Ljava/awt/Component;)Ljava/awt/Component;+4
j  view.MainFrame.<init>(Ljava/lang/String;IIII)V+742
j  controller.WelcomeFrameEvent$1.run()V+29
j  java.awt.event.InvocationEvent.dispatch()V+47
j  java.awt.EventQueue.dispatchEventImpl(Ljava/awt/AWTEvent;Ljava/lang/Object;)V+21
j  java.awt.EventQueue.access$000(Ljava/awt/EventQueue;Ljava/awt/AWTEvent;Ljava/lang/Object;)V+3
j  java.awt.EventQueue$1.run()Ljava/lang/Void;+12
j  java.awt.EventQueue$1.run()Ljava/lang/Object;+1
v  ~StubRoutines::call_stub
j  java.security.AccessController.doPrivileged(Ljava/security/PrivilegedAction;Ljava/security/AccessControlContext;)Ljava/lang/Object;+0
j  java.security.AccessControlContext$1.doIntersectionPrivilege(Ljava/security/PrivilegedAction;Ljava/security/AccessControlContext;Ljava/security/AccessControlContext;)Ljava/lang/Object;+28
j  java.awt.EventQueue.dispatchEvent(Ljava/awt/AWTEvent;)V+46
j  java.awt.EventDispatchThread.pumpOneEventForFilters(I)Z+204
j  java.awt.EventDispatchThread.pumpEventsForFilter(ILjava/awt/Conditional;Ljava/awt/EventFilter;)V+30
j  java.awt.EventDispatchThread.pumpEventsForHierarchy(ILjava/awt/Conditional;Ljava/awt/Component;)V+11
j  java.awt.EventDispatchThread.pumpEvents(ILjava/awt/Conditional;)V+4
j  java.awt.EventDispatchThread.pumpEvents(Ljava/awt/Conditional;)V+3
j  java.awt.EventDispatchThread.run()V+9
v  ~StubRoutines::call_stub

---------------  P R O C E S S  ---------------

Java Threads: ( => current thread )
  0x01a19c00 JavaThread "Java Sound Event Dispatcher" daemon [_thread_blocked, id=5480, stack(0x07f00000,0x07f50000)]
  0x01a19400 JavaThread "Thread-3" [_thread_blocked, id=7280, stack(0x07880000,0x078d0000)]
  0x01a1a400 JavaThread "TimerQueue" daemon [_thread_blocked, id=6184, stack(0x07a30000,0x07a80000)]
  0x01a19000 JavaThread "DestroyJavaVM" [_thread_blocked, id=7124, stack(0x01240000,0x01290000)]
  0x01a18800 JavaThread "D3D Screen Updater" daemon [_thread_blocked, id=3488, stack(0x07010000,0x07060000)]
=>0x01a18400 JavaThread "AWT-EventQueue-0" [_thread_in_native, id=7564, stack(0x043e0000,0x04430000)]
  0x01a17c00 JavaThread "AWT-Windows" daemon [_thread_in_native, id=2292, stack(0x04390000,0x043e0000)]
  0x01a17800 JavaThread "AWT-Shutdown" [_thread_blocked, id=7356, stack(0x04340000,0x04390000)]
  0x01a17000 JavaThread "Java2D Disposer" daemon [_thread_blocked, id=6928, stack(0x04180000,0x041d0000)]
  0x01a16800 JavaThread "Low Memory Detector" daemon [_thread_blocked, id=5524, stack(0x03e10000,0x03e60000)]
  0x01a1f000 JavaThread "C1 CompilerThread0" daemon [_thread_blocked, id=6424, stack(0x03dc0000,0x03e10000)]
  0x01a16400 JavaThread "Attach Listener" daemon [_thread_blocked, id=6340, stack(0x03d70000,0x03dc0000)]
  0x01a15c00 JavaThread "Signal Dispatcher" daemon [_thread_blocked, id=6216, stack(0x03d20000,0x03d70000)]
  0x01a11000 JavaThread "Finalizer" daemon [_thread_blocked, id=6492, stack(0x03cd0000,0x03d20000)]
  0x01a0bc00 JavaThread "Reference Handler" daemon [_thread_blocked, id=7092, stack(0x03c80000,0x03cd0000)]

Other Threads:
  0x019d0000 VMThread [stack: 0x03c30000,0x03c80000] [id=8016]
  0x01a37400 WatcherThread [stack: 0x03e60000,0x03eb0000] [id=7420]

VM state:not at safepoint (normal execution)

VM Mutex/Monitor currently owned by a thread: None

Heap
 def new generation   total 4928K, used 4519K [0x23b00000, 0x24050000, 0x29050000)
  eden space 4416K,  93% used [0x23b00000, 0x23f0b230, 0x23f50000)
  from space 512K,  74% used [0x23f50000, 0x23faecd8, 0x23fd0000)
  to   space 512K,   0% used [0x23fd0000, 0x23fd0000, 0x24050000)
 tenured generation   total 10944K, used 1580K [0x29050000, 0x29b00000, 0x33b00000)
   the space 10944K,  14% used [0x29050000, 0x291db1a8, 0x291db200, 0x29b00000)
 compacting perm gen  total 12288K, used 3029K [0x33b00000, 0x34700000, 0x37b00000)
   the space 12288K,  24% used [0x33b00000, 0x33df5728, 0x33df5800, 0x34700000)
    ro space 10240K,  51% used [0x37b00000, 0x3802d0b8, 0x3802d200, 0x38500000)
    rw space 12288K,  54% used [0x38500000, 0x38b99570, 0x38b99600, 0x39100000)

Code Cache  [0x01aa0000, 0x01b80000, 0x03aa0000)
 total_blobs=460 nmethods=223 adapters=173 free_code_cache=32651776 largest_free_block=2432

Dynamic libraries:
0x00400000 - 0x00424000 	C:\Program Files\Java\jre6\bin\javaw.exe
0x77730000 - 0x7786d000 	C:\Windows\SYSTEM32\ntdll.dll
0x773b0000 - 0x77484000 	C:\Windows\system32\kernel32.dll
0x75a70000 - 0x75aba000 	C:\Windows\system32\KERNELBASE.dll
0x75850000 - 0x75887000 	C:\Program Files\AVAST Software\Avast\snxhk.dll
0x77310000 - 0x773b0000 	C:\Windows\system32\ADVAPI32.dll
0x778b0000 - 0x7795c000 	C:\Windows\system32\msvcrt.dll
0x761a0000 - 0x761b9000 	C:\Windows\SYSTEM32\sechost.dll
0x75df0000 - 0x75e91000 	C:\Windows\system32\RPCRT4.dll
0x75b80000 - 0x75c49000 	C:\Windows\system32\USER32.dll
0x776e0000 - 0x7772e000 	C:\Windows\system32\GDI32.dll
0x77870000 - 0x7787a000 	C:\Windows\system32\LPK.dll
0x75ea0000 - 0x75f3d000 	C:\Windows\system32\USP10.dll
0x77880000 - 0x7789f000 	C:\Windows\system32\IMM32.DLL
0x77240000 - 0x7730c000 	C:\Windows\system32\MSCTF.dll
0x7c340000 - 0x7c396000 	C:\Program Files\Java\jre6\bin\msvcr71.dll
0x6d7f0000 - 0x6da9f000 	C:\Program Files\Java\jre6\bin\client\jvm.dll
0x73ca0000 - 0x73cd2000 	C:\Windows\system32\WINMM.dll
0x75770000 - 0x757bb000 	C:\Windows\system32\apphelp.dll
0x6d7a0000 - 0x6d7ac000 	C:\Program Files\Java\jre6\bin\verify.dll
0x6d320000 - 0x6d33f000 	C:\Program Files\Java\jre6\bin\java.dll
0x6d7e0000 - 0x6d7ef000 	C:\Program Files\Java\jre6\bin\zip.dll
0x6d000000 - 0x6d14c000 	C:\Program Files\Java\jre6\bin\awt.dll
0x702b0000 - 0x70301000 	C:\Windows\system32\WINSPOOL.DRV
0x761f0000 - 0x7634c000 	C:\Windows\system32\ole32.dll
0x74860000 - 0x749fe000 	C:\Windows\WinSxS\x86_microsoft.windows.common-controls_6595b64144ccf1df_6.0.7600.16661_none_420fe3fa2b8113bd\COMCTL32.dll
0x75f40000 - 0x75f97000 	C:\Windows\system32\SHLWAPI.dll
0x743b0000 - 0x743c3000 	C:\Windows\system32\DWMAPI.DLL
0x746e0000 - 0x74720000 	C:\Windows\system32\uxtheme.dll
0x757c0000 - 0x757cc000 	C:\Windows\system32\CRYPTBASE.dll
0x76490000 - 0x770d9000 	C:\Windows\system32\shell32.dll
0x6d230000 - 0x6d27f000 	C:\Program Files\Java\jre6\bin\fontmanager.dll
0x6fa70000 - 0x6fc33000 	C:\Windows\system32\d3d9.dll
0x74cc0000 - 0x74cc9000 	C:\Windows\system32\VERSION.dll
0x6fa60000 - 0x6fa66000 	C:\Windows\system32\d3d8thk.dll
0x694a0000 - 0x6979d000 	C:\Windows\system32\atiumdag.dll
0x68a30000 - 0x68d04000 	C:\Windows\system32\atiumdva.dll
0x6d600000 - 0x6d613000 	C:\Program Files\Java\jre6\bin\net.dll
0x776a0000 - 0x776d5000 	C:\Windows\system32\WS2_32.dll
0x778a0000 - 0x778a6000 	C:\Windows\system32\NSI.dll
0x752b0000 - 0x752ec000 	C:\Windows\system32\mswsock.dll
0x752a0000 - 0x752a6000 	C:\Windows\System32\wship6.dll
0x6d620000 - 0x6d629000 	C:\Program Files\Java\jre6\bin\nio.dll
0x75c50000 - 0x75cdf000 	C:\Windows\system32\OLEAUT32.DLL
0x74d90000 - 0x74d95000 	C:\Windows\System32\wshtcpip.dll
0x75170000 - 0x751b4000 	C:\Windows\system32\DNSAPI.dll
0x70630000 - 0x70657000 	C:\Program Files\Common Files\Microsoft Shared\Windows Live\WLIDNSP.DLL
0x77690000 - 0x77695000 	C:\Windows\system32\PSAPI.DLL
0x73580000 - 0x7359c000 	C:\Windows\system32\IPHLPAPI.DLL
0x73550000 - 0x73557000 	C:\Windows\system32\WINNSI.DLL
0x70620000 - 0x70626000 	C:\Windows\system32\rasadhlp.dll
0x733e0000 - 0x73418000 	C:\Windows\System32\fwpuclnt.dll
0x6d510000 - 0x6d535000 	C:\Program Files\Java\jre6\bin\jsound.dll
0x6d540000 - 0x6d548000 	C:\Program Files\Java\jre6\bin\jsoundds.dll
0x683b0000 - 0x68422000 	C:\Windows\system32\DSOUND.dll
0x74d50000 - 0x74d75000 	C:\Windows\system32\POWRPROF.dll
0x75fb0000 - 0x7614d000 	C:\Windows\system32\SETUPAPI.dll
0x75920000 - 0x75947000 	C:\Windows\system32\CFGMGR32.dll
0x75900000 - 0x75912000 	C:\Windows\system32\DEVOBJ.dll
0x743d0000 - 0x74409000 	C:\Windows\system32\MMDevAPI.DLL
0x74720000 - 0x74815000 	C:\Windows\system32\PROPSYS.dll
0x73bb0000 - 0x73be0000 	C:\Windows\system32\wdmaud.drv
0x73c90000 - 0x73c94000 	C:\Windows\system32\ksuser.dll
0x73c70000 - 0x73c77000 	C:\Windows\system32\AVRT.dll
0x73960000 - 0x73996000 	C:\Windows\system32\AUDIOSES.DLL
0x73900000 - 0x73908000 	C:\Windows\system32\msacm32.drv
0x738e0000 - 0x738f4000 	C:\Windows\system32\MSACM32.dll
0x738d0000 - 0x738d7000 	C:\Windows\system32\midimap.dll
0x75d60000 - 0x75de3000 	C:\Windows\system32\CLBCatQ.DLL
0x752f0000 - 0x75306000 	C:\Windows\system32\CRYPTSP.dll
0x75090000 - 0x750cb000 	C:\Windows\system32\rsaenh.dll
0x757d0000 - 0x757de000 	C:\Windows\system32\RpcRtRemote.dll

VM Arguments:
jvm_args: -Dfile.encoding=Cp1250 
java_command: Organizer
Launcher Type: SUN_STANDARD

Environment Variables:
PATH=C:/Program Files/Java/jre6/bin/client;C:/Program Files/Java/jre6/bin;C:/Program Files/Java/jre6/lib/i386;C:\Program Files\Common Files\Microsoft Shared\Windows Live;C:\Windows\system32;C:\Windows;C:\Windows\System32\Wbem;C:\Windows\System32\WindowsPowerShell\v1.0\;C:\Program Files\Windows Live\Shared;C:\Program Files\Toshiba\Bluetooth Toshiba Stack\sys\;c:\Program Files\Microsoft SQL Server\90\Tools\binn\;C:\Program Files\Heroku;C:\Program Files\git\bin;C:\Program Files\git\cmd;C:\Program Files\FERRO Software\FtpUse
USERNAME=Jakub
OS=Windows_NT
PROCESSOR_IDENTIFIER=x86 Family 6 Model 23 Stepping 10, GenuineIntel



---------------  S Y S T E M  ---------------

OS: Windows 7 Build 7600 

CPU:total 2 (2 cores per cpu, 1 threads per core) family 6 model 23 stepping 10, cmov, cx8, fxsr, mmx, sse, sse2, sse3, ssse3

Memory: 4k page, physical 3109760k(1614572k free), swap 6217756k(3874176k free)

vm_info: Java HotSpot(TM) Client VM (20.4-b02) for windows-x86 JRE (1.6.0_29-b11), built on Oct  3 2011 01:01:08 by "java_re" with MS VC++ 7.1 (VS2003)

time: Tue Jun 05 18:16:19 2012
elapsed time: 12 seconds

