#
# A fatal error has been detected by the Java Runtime Environment:
#
#  EXCEPTION_ACCESS_VIOLATION (0xc0000005) at pc=0x76047adf, pid=4992, tid=3244
#
# JRE version: 6.0_29-b11
# Java VM: Java HotSpot(TM) Client VM (20.4-b02 mixed mode, sharing windows-x86 )
# Problematic frame:
# C  [ole32.dll+0x37adf]
#
# If you would like to submit a bug report, please visit:
#   http://java.sun.com/webapps/bugreport/crash.jsp
# The crash happened outside the Java Virtual Machine in native code.
# See problematic frame for where to report the bug.
#

---------------  T H R E A D  ---------------

Current thread (0x03f1e000):  JavaThread "AWT-EventQueue-0" [_thread_in_native, id=3244, stack(0x043f0000,0x04440000)]

siginfo: ExceptionCode=0xc0000005, writing address 0x00000028

Registers:
EAX=0x0443ef1c, EBX=0x76157758, ECX=0x00000000, EDX=0x00000000
ESP=0x0443eeec, EBP=0x0443eef4, ESI=0x0443ef1c, EDI=0x00000028
EIP=0x76047adf, EFLAGS=0x00010246

Top of Stack: (sp=0x0443eeec)
0x0443eeec:   0015c708 00144500 0443ef30 760477ab
0x0443eefc:   0443ef1c 03f61b98 0015c708 00000000
0x0443ef0c:   00000000 001308c0 00144500 00000000
0x0443ef1c:   0000e800 00001380 c5288141 dfa91ea4
0x0443ef2c:   3fa8eade 0443ef4c 7604760a 040e2da8
0x0443ef3c:   00000000 7614d83e 03fa51c0 0015c708
0x0443ef4c:   0443ef98 7609e1a9 3fa8ea76 03fa51c0
0x0443ef5c:   03fa51c0 03f61b98 0443ef7c 756892ee 

Instructions: (pc=0x76047adf)
0x76047abf:   c6 5e 33 cd 5b e8 d7 14 02 00 c9 c2 08 00 90 90
0x76047acf:   90 90 90 8b ff 55 8b ec 56 8b 75 08 57 8d 79 28
0x76047adf:   a5 a5 a5 a5 5f 5e 5d c2 04 00 ff 75 0c ff 75 08
0x76047aef:   e8 70 ff ff ff e9 8f f3 ff ff 90 90 90 90 90 83 


Register to memory mapping:

EAX=0x0443ef1c is pointing into the stack for thread: 0x03f1e000
EBX=0x76157758 is an unknown value
ECX=0x00000000 is an unknown value
EDX=0x00000000 is an unknown value
ESP=0x0443eeec is pointing into the stack for thread: 0x03f1e000
EBP=0x0443eef4 is pointing into the stack for thread: 0x03f1e000
ESI=0x0443ef1c is pointing into the stack for thread: 0x03f1e000
EDI=0x00000028 is an unknown value


Stack: [0x043f0000,0x04440000],  sp=0x0443eeec,  free space=315k
Native frames: (J=compiled Java code, j=interpreted, Vv=VM code, C=native code)
C  [ole32.dll+0x37adf]  CoUnmarshalInterface+0x27a4
C  [ole32.dll+0x377ab]  CoUnmarshalInterface+0x2470
C  [ole32.dll+0x3760a]  CoUnmarshalInterface+0x22cf
C  [ole32.dll+0x8e1a9]  CoLockObjectExternal+0x22

Java frames: (J=compiled Java code, j=interpreted, Vv=VM code)
j  sun.awt.windows.WComponentPeer.addNativeDropTarget()J+0
j  sun.awt.windows.WComponentPeer.addDropTarget(Ljava/awt/dnd/DropTarget;)V+9
j  java.awt.dnd.DropTarget.addNotify(Ljava/awt/peer/ComponentPeer;)V+60
j  java.awt.Component.addNotify()V+297
j  java.awt.Container.addNotify()V+8
j  javax.swing.JComponent.addNotify()V+1
j  java.awt.Container.addNotify()V+61
j  javax.swing.JComponent.addNotify()V+1
j  java.awt.Container.addNotify()V+61
j  javax.swing.JComponent.addNotify()V+1
j  java.awt.Container.addNotify()V+61
j  javax.swing.JComponent.addNotify()V+1
j  java.awt.Container.addNotify()V+61
j  javax.swing.JComponent.addNotify()V+1
j  java.awt.Container.addNotify()V+61
j  javax.swing.JComponent.addNotify()V+1
j  java.awt.Container.addNotify()V+61
j  javax.swing.JComponent.addNotify()V+1
j  java.awt.Container.addImpl(Ljava/awt/Component;Ljava/lang/Object;I)V+194
j  java.awt.Container.add(Ljava/awt/Component;Ljava/lang/Object;I)V+4
j  javax.swing.JFrame.addImpl(Ljava/awt/Component;Ljava/lang/Object;I)V+14
j  java.awt.Container.add(Ljava/awt/Component;)Ljava/awt/Component;+4
j  view.MainFrame.<init>(Ljava/lang/String;IIII)V+740
j  controller.WelcomeFrameEvent$1.run()V+29
j  java.awt.event.InvocationEvent.dispatch()V+47
j  java.awt.EventQueue.dispatchEventImpl(Ljava/awt/AWTEvent;Ljava/lang/Object;)V+21
j  java.awt.EventQueue.access$000(Ljava/awt/EventQueue;Ljava/awt/AWTEvent;Ljava/lang/Object;)V+3
j  java.awt.EventQueue$1.run()Ljava/lang/Void;+12
j  java.awt.EventQueue$1.run()Ljava/lang/Object;+1
v  ~StubRoutines::call_stub
j  java.security.AccessController.doPrivileged(Ljava/security/PrivilegedAction;Ljava/security/AccessControlContext;)Ljava/lang/Object;+0
j  java.security.AccessControlContext$1.doIntersectionPrivilege(Ljava/security/PrivilegedAction;Ljava/security/AccessControlContext;Ljava/security/AccessControlContext;)Ljava/lang/Object;+28
j  java.awt.EventQueue.dispatchEvent(Ljava/awt/AWTEvent;)V+46
J  java.awt.EventDispatchThread.pumpOneEventForFilters(I)Z
j  java.awt.EventDispatchThread.pumpEventsForFilter(ILjava/awt/Conditional;Ljava/awt/EventFilter;)V+30
j  java.awt.EventDispatchThread.pumpEventsForHierarchy(ILjava/awt/Conditional;Ljava/awt/Component;)V+11
j  java.awt.EventDispatchThread.pumpEvents(ILjava/awt/Conditional;)V+4
j  java.awt.EventDispatchThread.pumpEvents(Ljava/awt/Conditional;)V+3
j  java.awt.EventDispatchThread.run()V+9
v  ~StubRoutines::call_stub

---------------  P R O C E S S  ---------------

Java Threads: ( => current thread )
  0x04093400 JavaThread "Java Sound Event Dispatcher" daemon [_thread_blocked, id=3248, stack(0x07eb0000,0x07f00000)]
  0x01b08400 JavaThread "Thread-3" [_thread_blocked, id=5960, stack(0x06640000,0x06690000)]
  0x040cf400 JavaThread "TimerQueue" daemon [_thread_blocked, id=5468, stack(0x07db0000,0x07e00000)]
  0x03fc3800 JavaThread "D3D Screen Updater" daemon [_thread_blocked, id=3004, stack(0x06700000,0x06750000)]
  0x01c09000 JavaThread "DestroyJavaVM" [_thread_blocked, id=5584, stack(0x01240000,0x01290000)]
=>0x03f1e000 JavaThread "AWT-EventQueue-0" [_thread_in_native, id=3244, stack(0x043f0000,0x04440000)]
  0x03f19c00 JavaThread "AWT-Windows" daemon [_thread_in_native, id=4548, stack(0x043a0000,0x043f0000)]
  0x03f19400 JavaThread "AWT-Shutdown" [_thread_blocked, id=5532, stack(0x04350000,0x043a0000)]
  0x01b0bc00 JavaThread "Java2D Disposer" daemon [_thread_blocked, id=2872, stack(0x04300000,0x04350000)]
  0x01a95000 JavaThread "Low Memory Detector" daemon [_thread_blocked, id=4316, stack(0x03e50000,0x03ea0000)]
  0x01a90800 JavaThread "C1 CompilerThread0" daemon [_thread_blocked, id=2552, stack(0x03e00000,0x03e50000)]
  0x01a8e000 JavaThread "Attach Listener" daemon [_thread_blocked, id=1460, stack(0x03db0000,0x03e00000)]
  0x01a8d800 JavaThread "Signal Dispatcher" daemon [_thread_blocked, id=2776, stack(0x03d60000,0x03db0000)]
  0x01a7dc00 JavaThread "Finalizer" daemon [_thread_blocked, id=5916, stack(0x03d10000,0x03d60000)]
  0x01a7bc00 JavaThread "Reference Handler" daemon [_thread_blocked, id=1512, stack(0x03cc0000,0x03d10000)]

Other Threads:
  0x01a40000 VMThread [stack: 0x03c70000,0x03cc0000] [id=3732]
  0x01aa5c00 WatcherThread [stack: 0x03ea0000,0x03ef0000] [id=4456]

VM state:not at safepoint (normal execution)

VM Mutex/Monitor currently owned by a thread: None

Heap
 def new generation   total 4992K, used 871K [0x23b00000, 0x24060000, 0x29050000)
  eden space 4480K,  19% used [0x23b00000, 0x23bd9e60, 0x23f60000)
  from space 512K,   0% used [0x23f60000, 0x23f60000, 0x23fe0000)
  to   space 512K,   0% used [0x23fe0000, 0x23fe0000, 0x24060000)
 tenured generation   total 25588K, used 17509K [0x29050000, 0x2a94d000, 0x33b00000)
   the space 25588K,  68% used [0x29050000, 0x2a169570, 0x2a169600, 0x2a94d000)
 compacting perm gen  total 12288K, used 3676K [0x33b00000, 0x34700000, 0x37b00000)
   the space 12288K,  29% used [0x33b00000, 0x33e97298, 0x33e97400, 0x34700000)
    ro space 10240K,  51% used [0x37b00000, 0x3802d0b8, 0x3802d200, 0x38500000)
    rw space 12288K,  54% used [0x38500000, 0x38b99570, 0x38b99600, 0x39100000)

Code Cache  [0x01c10000, 0x01cf8000, 0x03c10000)
 total_blobs=512 nmethods=269 adapters=179 free_code_cache=32606912 largest_free_block=256

Dynamic libraries:
0x00400000 - 0x00424000 	C:\Program Files\Java\jre6\bin\javaw.exe
0x77280000 - 0x773bd000 	C:\Windows\SYSTEM32\ntdll.dll
0x76300000 - 0x763d4000 	C:\Windows\system32\kernel32.dll
0x75680000 - 0x756ca000 	C:\Windows\system32\KERNELBASE.dll
0x753a0000 - 0x753d7000 	C:\Program Files\AVAST Software\Avast\snxhk.dll
0x76170000 - 0x76210000 	C:\Windows\system32\ADVAPI32.dll
0x773f0000 - 0x7749c000 	C:\Windows\system32\msvcrt.dll
0x773c0000 - 0x773d9000 	C:\Windows\SYSTEM32\sechost.dll
0x757b0000 - 0x75851000 	C:\Windows\system32\RPCRT4.dll
0x75e40000 - 0x75f09000 	C:\Windows\system32\USER32.dll
0x75c70000 - 0x75cbe000 	C:\Windows\system32\GDI32.dll
0x75c60000 - 0x75c6a000 	C:\Windows\system32\LPK.dll
0x75f70000 - 0x7600d000 	C:\Windows\system32\USP10.dll
0x75a00000 - 0x75a1f000 	C:\Windows\system32\IMM32.DLL
0x77070000 - 0x7713c000 	C:\Windows\system32\MSCTF.dll
0x7c340000 - 0x7c396000 	C:\Program Files\Java\jre6\bin\msvcr71.dll
0x6d7f0000 - 0x6da9f000 	C:\Program Files\Java\jre6\bin\client\jvm.dll
0x73750000 - 0x73782000 	C:\Windows\system32\WINMM.dll
0x752c0000 - 0x7530b000 	C:\Windows\system32\apphelp.dll
0x6d7a0000 - 0x6d7ac000 	C:\Program Files\Java\jre6\bin\verify.dll
0x6d320000 - 0x6d33f000 	C:\Program Files\Java\jre6\bin\java.dll
0x6d7e0000 - 0x6d7ef000 	C:\Program Files\Java\jre6\bin\zip.dll
0x6d000000 - 0x6d14c000 	C:\Program Files\Java\jre6\bin\awt.dll
0x70430000 - 0x70481000 	C:\Windows\system32\WINSPOOL.DRV
0x76010000 - 0x7616c000 	C:\Windows\system32\ole32.dll
0x743b0000 - 0x7454e000 	C:\Windows\WinSxS\x86_microsoft.windows.common-controls_6595b64144ccf1df_6.0.7600.16661_none_420fe3fa2b8113bd\COMCTL32.dll
0x762a0000 - 0x762f7000 	C:\Windows\system32\SHLWAPI.dll
0x73f00000 - 0x73f13000 	C:\Windows\system32\DWMAPI.DLL
0x74230000 - 0x74270000 	C:\Windows\system32\uxtheme.dll
0x75310000 - 0x7531c000 	C:\Windows\system32\CRYPTBASE.dll
0x763e0000 - 0x77029000 	C:\Windows\system32\shell32.dll
0x6d230000 - 0x6d27f000 	C:\Program Files\Java\jre6\bin\fontmanager.dll
0x6eea0000 - 0x6f063000 	C:\Windows\system32\d3d9.dll
0x74840000 - 0x74849000 	C:\Windows\system32\VERSION.dll
0x6ee90000 - 0x6ee96000 	C:\Windows\system32\d3d8thk.dll
0x68ea0000 - 0x6919d000 	C:\Windows\system32\atiumdag.dll
0x689e0000 - 0x68cb4000 	C:\Windows\system32\atiumdva.dll
0x6d600000 - 0x6d613000 	C:\Program Files\Java\jre6\bin\net.dll
0x77030000 - 0x77065000 	C:\Windows\system32\WS2_32.dll
0x774a0000 - 0x774a6000 	C:\Windows\system32\NSI.dll
0x74e00000 - 0x74e3c000 	C:\Windows\system32\mswsock.dll
0x74df0000 - 0x74df6000 	C:\Windows\System32\wship6.dll
0x6d620000 - 0x6d629000 	C:\Program Files\Java\jre6\bin\nio.dll
0x76210000 - 0x7629f000 	C:\Windows\system32\OLEAUT32.DLL
0x6d1a0000 - 0x6d1c3000 	C:\Program Files\Java\jre6\bin\dcpr.dll
0x6d440000 - 0x6d465000 	C:\Program Files\Java\jre6\bin\jpeg.dll
0x748e0000 - 0x748e5000 	C:\Windows\System32\wshtcpip.dll
0x74cc0000 - 0x74d04000 	C:\Windows\system32\DNSAPI.dll
0x70160000 - 0x70187000 	C:\Program Files\Common Files\Microsoft Shared\Windows Live\WLIDNSP.DLL
0x75c50000 - 0x75c55000 	C:\Windows\system32\PSAPI.DLL
0x73130000 - 0x7314c000 	C:\Windows\system32\IPHLPAPI.DLL
0x73110000 - 0x73117000 	C:\Windows\system32\WINNSI.DLL
0x70150000 - 0x70156000 	C:\Windows\system32\rasadhlp.dll
0x72f70000 - 0x72fa8000 	C:\Windows\System32\fwpuclnt.dll
0x6d510000 - 0x6d535000 	C:\Program Files\Java\jre6\bin\jsound.dll
0x6d540000 - 0x6d548000 	C:\Program Files\Java\jre6\bin\jsoundds.dll
0x71ca0000 - 0x71d12000 	C:\Windows\system32\DSOUND.dll
0x74810000 - 0x74835000 	C:\Windows\system32\POWRPROF.dll
0x75860000 - 0x759fd000 	C:\Windows\system32\SETUPAPI.dll
0x75450000 - 0x75477000 	C:\Windows\system32\CFGMGR32.dll
0x75510000 - 0x75522000 	C:\Windows\system32\DEVOBJ.dll
0x73f20000 - 0x73f59000 	C:\Windows\system32\MMDevAPI.DLL
0x74270000 - 0x74365000 	C:\Windows\system32\PROPSYS.dll
0x736f0000 - 0x73720000 	C:\Windows\system32\wdmaud.drv
0x736e0000 - 0x736e4000 	C:\Windows\system32\ksuser.dll
0x73c00000 - 0x73c07000 	C:\Windows\system32\AVRT.dll
0x735b0000 - 0x735e6000 	C:\Windows\system32\AUDIOSES.DLL
0x73500000 - 0x73508000 	C:\Windows\system32\msacm32.drv
0x734e0000 - 0x734f4000 	C:\Windows\system32\MSACM32.dll
0x734d0000 - 0x734d7000 	C:\Windows\system32\midimap.dll
0x75720000 - 0x757a3000 	C:\Windows\system32\CLBCatQ.DLL
0x751d0000 - 0x751e6000 	C:\Windows\system32\CRYPTSP.dll
0x74be0000 - 0x74c1b000 	C:\Windows\system32\rsaenh.dll
0x75320000 - 0x7532e000 	C:\Windows\system32\RpcRtRemote.dll

VM Arguments:
jvm_args: -Dfile.encoding=Cp1250 
java_command: Organizer
Launcher Type: SUN_STANDARD

Environment Variables:
PATH=C:/Program Files/Java/jre6/bin/client;C:/Program Files/Java/jre6/bin;C:/Program Files/Java/jre6/lib/i386;C:\Program Files\Common Files\Microsoft Shared\Windows Live;C:\Windows\system32;C:\Windows;C:\Windows\System32\Wbem;C:\Windows\System32\WindowsPowerShell\v1.0\;C:\Program Files\Windows Live\Shared;C:\Program Files\Toshiba\Bluetooth Toshiba Stack\sys\;c:\Program Files\Microsoft SQL Server\90\Tools\binn\;C:\Program Files\Heroku;C:\Program Files\git\bin;C:\Program Files\git\cmd;C:\Program Files\FERRO Software\FtpUse
USERNAME=Jakub
OS=Windows_NT
PROCESSOR_IDENTIFIER=x86 Family 6 Model 23 Stepping 10, GenuineIntel



---------------  S Y S T E M  ---------------

OS: Windows 7 Build 7600 

CPU:total 2 (2 cores per cpu, 1 threads per core) family 6 model 23 stepping 10, cmov, cx8, fxsr, mmx, sse, sse2, sse3, ssse3

Memory: 4k page, physical 3109760k(1017896k free), swap 6217756k(3654052k free)

vm_info: Java HotSpot(TM) Client VM (20.4-b02) for windows-x86 JRE (1.6.0_29-b11), built on Oct  3 2011 01:01:08 by "java_re" with MS VC++ 7.1 (VS2003)

time: Sun Jun 03 18:08:48 2012
elapsed time: 12 seconds

