#
# A fatal error has been detected by the Java Runtime Environment:
#
#  EXCEPTION_ACCESS_VIOLATION (0xc0000005) at pc=0x76067c57, pid=2544, tid=4604
#
# JRE version: 6.0_29-b11
# Java VM: Java HotSpot(TM) Client VM (20.4-b02 mixed mode, sharing windows-x86 )
# Problematic frame:
# C  [ole32.dll+0x37c57]
#
# If you would like to submit a bug report, please visit:
#   http://java.sun.com/webapps/bugreport/crash.jsp
# The crash happened outside the Java Virtual Machine in native code.
# See problematic frame for where to report the bug.
#

---------------  T H R E A D  ---------------

Current thread (0x03f0ec00):  JavaThread "AWT-EventQueue-0" [_thread_in_native, id=4604, stack(0x043b0000,0x04400000)]

siginfo: ExceptionCode=0xc0000005, reading address 0x00000038

Registers:
EAX=0x000004ba, EBX=0x00000000, ECX=0x00000000, EDX=0x77766344
ESP=0x043fef48, EBP=0x043fef6c, ESI=0x00000000, EDI=0x00000000
EIP=0x76067c57, EFLAGS=0x00010246

Top of Stack: (sp=0x043fef48)
0x043fef48:   002c95b8 76177758 76067c33 03f12114
0x043fef58:   040593c0 00000000 7616d83e 03f54548
0x043fef68:   002c95b8 043fefb8 760be1a9 b88461c4
0x043fef78:   03f54548 03f54548 03f12114 043fef9c
0x043fef88:   758f92ee 00000000 00000000 000004f8
0x043fef98:   001f0001 00000000 043fef74 043feb24
0x043fefa8:   043fefd4 7603d491 cab06c14 fffffffe
0x043fefb8:   00000000 6d0701cd 040593c0 00000001 

Instructions: (pc=0x76067c57)
0x76067c37:   7c 04 83 4e 08 02 8b cb e8 fc 12 02 00 5b e9 79
0x76067c47:   9a 01 00 90 90 90 90 90 8b ff 53 56 8b f1 33 db
0x76067c57:   f7 46 38 00 01 00 00 57 74 3f e8 17 bc fe ff 8b
0x76067c67:   f8 85 ff 0f 84 66 a9 06 00 68 f1 2d 08 76 6a fc 


Register to memory mapping:

EAX=0x000004ba is an unknown value
EBX=0x00000000 is an unknown value
ECX=0x00000000 is an unknown value
EDX=0x77766344 is an unknown value
ESP=0x043fef48 is pointing into the stack for thread: 0x03f0ec00
EBP=0x043fef6c is pointing into the stack for thread: 0x03f0ec00
ESI=0x00000000 is an unknown value
EDI=0x00000000 is an unknown value


Stack: [0x043b0000,0x04400000],  sp=0x043fef48,  free space=315k
Native frames: (J=compiled Java code, j=interpreted, Vv=VM code, C=native code)
C  [ole32.dll+0x37c57]  CoUnmarshalInterface+0x291c
C  [ole32.dll+0x8e1a9]  CoLockObjectExternal+0x22

Java frames: (J=compiled Java code, j=interpreted, Vv=VM code)
j  sun.awt.windows.WComponentPeer.addNativeDropTarget()J+0
j  sun.awt.windows.WComponentPeer.addDropTarget(Ljava/awt/dnd/DropTarget;)V+9
j  java.awt.dnd.DropTarget.addNotify(Ljava/awt/peer/ComponentPeer;)V+60
j  java.awt.Component.addNotify()V+297
j  java.awt.Container.addNotify()V+8
j  javax.swing.JComponent.addNotify()V+1
j  java.awt.Container.addNotify()V+61
j  javax.swing.JComponent.addNotify()V+1
j  java.awt.Container.addNotify()V+61
j  javax.swing.JComponent.addNotify()V+1
j  java.awt.Container.addNotify()V+61
j  javax.swing.JComponent.addNotify()V+1
j  java.awt.Container.addNotify()V+61
j  javax.swing.JComponent.addNotify()V+1
j  java.awt.Container.addNotify()V+61
j  javax.swing.JComponent.addNotify()V+1
j  java.awt.Container.addNotify()V+61
j  javax.swing.JComponent.addNotify()V+1
j  java.awt.Container.addImpl(Ljava/awt/Component;Ljava/lang/Object;I)V+194
j  java.awt.Container.add(Ljava/awt/Component;Ljava/lang/Object;I)V+4
j  javax.swing.JFrame.addImpl(Ljava/awt/Component;Ljava/lang/Object;I)V+14
j  java.awt.Container.add(Ljava/awt/Component;)Ljava/awt/Component;+4
j  view.MainFrame.<init>(Ljava/lang/String;IIII)V+742
j  controller.WelcomeFrameEvent$1.run()V+29
j  java.awt.event.InvocationEvent.dispatch()V+47
j  java.awt.EventQueue.dispatchEventImpl(Ljava/awt/AWTEvent;Ljava/lang/Object;)V+21
j  java.awt.EventQueue.access$000(Ljava/awt/EventQueue;Ljava/awt/AWTEvent;Ljava/lang/Object;)V+3
j  java.awt.EventQueue$1.run()Ljava/lang/Void;+12
j  java.awt.EventQueue$1.run()Ljava/lang/Object;+1
v  ~StubRoutines::call_stub
j  java.security.AccessController.doPrivileged(Ljava/security/PrivilegedAction;Ljava/security/AccessControlContext;)Ljava/lang/Object;+0
j  java.security.AccessControlContext$1.doIntersectionPrivilege(Ljava/security/PrivilegedAction;Ljava/security/AccessControlContext;Ljava/security/AccessControlContext;)Ljava/lang/Object;+28
j  java.awt.EventQueue.dispatchEvent(Ljava/awt/AWTEvent;)V+46
j  java.awt.EventDispatchThread.pumpOneEventForFilters(I)Z+204
j  java.awt.EventDispatchThread.pumpEventsForFilter(ILjava/awt/Conditional;Ljava/awt/EventFilter;)V+30
j  java.awt.EventDispatchThread.pumpEventsForHierarchy(ILjava/awt/Conditional;Ljava/awt/Component;)V+11
j  java.awt.EventDispatchThread.pumpEvents(ILjava/awt/Conditional;)V+4
j  java.awt.EventDispatchThread.pumpEvents(Ljava/awt/Conditional;)V+3
j  java.awt.EventDispatchThread.run()V+9
v  ~StubRoutines::call_stub

---------------  P R O C E S S  ---------------

Java Threads: ( => current thread )
  0x0403c400 JavaThread "Java Sound Event Dispatcher" daemon [_thread_blocked, id=4912, stack(0x07ec0000,0x07f10000)]
  0x01a7d400 JavaThread "Thread-3" [_thread_blocked, id=1116, stack(0x06640000,0x06690000)]
  0x0407b000 JavaThread "TimerQueue" daemon [_thread_blocked, id=6048, stack(0x06880000,0x068d0000)]
  0x03f71000 JavaThread "D3D Screen Updater" daemon [_thread_blocked, id=5088, stack(0x06750000,0x067a0000)]
  0x01b69000 JavaThread "DestroyJavaVM" [_thread_blocked, id=4500, stack(0x003b0000,0x00400000)]
=>0x03f0ec00 JavaThread "AWT-EventQueue-0" [_thread_in_native, id=4604, stack(0x043b0000,0x04400000)]
  0x01a6a800 JavaThread "AWT-Windows" daemon [_thread_in_native, id=2244, stack(0x04360000,0x043b0000)]
  0x01a6a000 JavaThread "AWT-Shutdown" [_thread_blocked, id=2992, stack(0x04110000,0x04160000)]
  0x01a67800 JavaThread "Java2D Disposer" daemon [_thread_blocked, id=4504, stack(0x040c0000,0x04110000)]
  0x01a25000 JavaThread "Low Memory Detector" daemon [_thread_blocked, id=5128, stack(0x03e00000,0x03e50000)]
  0x01a20800 JavaThread "C1 CompilerThread0" daemon [_thread_blocked, id=2832, stack(0x03db0000,0x03e00000)]
  0x01a1e000 JavaThread "Attach Listener" daemon [_thread_blocked, id=3320, stack(0x03d60000,0x03db0000)]
  0x01a1d800 JavaThread "Signal Dispatcher" daemon [_thread_blocked, id=5236, stack(0x03d10000,0x03d60000)]
  0x01a0dc00 JavaThread "Finalizer" daemon [_thread_blocked, id=5496, stack(0x03cc0000,0x03d10000)]
  0x01a0bc00 JavaThread "Reference Handler" daemon [_thread_blocked, id=2284, stack(0x03c70000,0x03cc0000)]

Other Threads:
  0x019d0000 VMThread [stack: 0x03c20000,0x03c70000] [id=5168]
  0x01a2dc00 WatcherThread [stack: 0x03e50000,0x03ea0000] [id=5036]

VM state:not at safepoint (normal execution)

VM Mutex/Monitor currently owned by a thread: None

Heap
 def new generation   total 4928K, used 4285K [0x23b00000, 0x24050000, 0x29050000)
  eden space 4416K,  87% used [0x23b00000, 0x23ec4478, 0x23f50000)
  from space 512K,  83% used [0x23f50000, 0x23fbb298, 0x23fd0000)
  to   space 512K,   0% used [0x23fd0000, 0x23fd0000, 0x24050000)
 tenured generation   total 10944K, used 1556K [0x29050000, 0x29b00000, 0x33b00000)
   the space 10944K,  14% used [0x29050000, 0x291d5330, 0x291d5400, 0x29b00000)
 compacting perm gen  total 12288K, used 3034K [0x33b00000, 0x34700000, 0x37b00000)
   the space 12288K,  24% used [0x33b00000, 0x33df6ba0, 0x33df6c00, 0x34700000)
    ro space 10240K,  51% used [0x37b00000, 0x3802d0b8, 0x3802d200, 0x38500000)
    rw space 12288K,  54% used [0x38500000, 0x38b99570, 0x38b99600, 0x39100000)

Code Cache  [0x01b70000, 0x01c50000, 0x03b70000)
 total_blobs=446 nmethods=209 adapters=173 free_code_cache=32660096 largest_free_block=0

Dynamic libraries:
0x00400000 - 0x00424000 	C:\Program Files\Java\jre6\bin\javaw.exe
0x77720000 - 0x7785d000 	C:\Windows\SYSTEM32\ntdll.dll
0x77870000 - 0x77944000 	C:\Windows\system32\kernel32.dll
0x758f0000 - 0x7593a000 	C:\Windows\system32\KERNELBASE.dll
0x75840000 - 0x75877000 	C:\Program Files\AVAST Software\Avast\snxhk.dll
0x75b70000 - 0x75c10000 	C:\Windows\system32\ADVAPI32.dll
0x762a0000 - 0x7634c000 	C:\Windows\system32\msvcrt.dll
0x75ed0000 - 0x75ee9000 	C:\Windows\SYSTEM32\sechost.dll
0x766d0000 - 0x76771000 	C:\Windows\system32\RPCRT4.dll
0x75c10000 - 0x75cd9000 	C:\Windows\system32\USER32.dll
0x76670000 - 0x766be000 	C:\Windows\system32\GDI32.dll
0x77860000 - 0x7786a000 	C:\Windows\system32\LPK.dll
0x77430000 - 0x774cd000 	C:\Windows\system32\USP10.dll
0x75fb0000 - 0x75fcf000 	C:\Windows\system32\IMM32.DLL
0x75d00000 - 0x75dcc000 	C:\Windows\system32\MSCTF.dll
0x7c340000 - 0x7c396000 	C:\Program Files\Java\jre6\bin\msvcr71.dll
0x6d7f0000 - 0x6da9f000 	C:\Program Files\Java\jre6\bin\client\jvm.dll
0x73bc0000 - 0x73bf2000 	C:\Windows\system32\WINMM.dll
0x75760000 - 0x757ab000 	C:\Windows\system32\apphelp.dll
0x6d7a0000 - 0x6d7ac000 	C:\Program Files\Java\jre6\bin\verify.dll
0x6d320000 - 0x6d33f000 	C:\Program Files\Java\jre6\bin\java.dll
0x6d7e0000 - 0x6d7ef000 	C:\Program Files\Java\jre6\bin\zip.dll
0x6d000000 - 0x6d14c000 	C:\Program Files\Java\jre6\bin\awt.dll
0x702a0000 - 0x702f1000 	C:\Windows\system32\WINSPOOL.DRV
0x76030000 - 0x7618c000 	C:\Windows\system32\ole32.dll
0x74850000 - 0x749ee000 	C:\Windows\WinSxS\x86_microsoft.windows.common-controls_6595b64144ccf1df_6.0.7600.16661_none_420fe3fa2b8113bd\COMCTL32.dll
0x76780000 - 0x767d7000 	C:\Windows\system32\SHLWAPI.dll
0x74290000 - 0x742a3000 	C:\Windows\system32\DWMAPI.DLL
0x746d0000 - 0x74710000 	C:\Windows\system32\uxtheme.dll
0x757b0000 - 0x757bc000 	C:\Windows\system32\CRYPTBASE.dll
0x767e0000 - 0x77429000 	C:\Windows\system32\shell32.dll
0x6d230000 - 0x6d27f000 	C:\Program Files\Java\jre6\bin\fontmanager.dll
0x6eeb0000 - 0x6f073000 	C:\Windows\system32\d3d9.dll
0x74cb0000 - 0x74cb9000 	C:\Windows\system32\VERSION.dll
0x6f2b0000 - 0x6f2b6000 	C:\Windows\system32\d3d8thk.dll
0x6a090000 - 0x6a38d000 	C:\Windows\system32\atiumdag.dll
0x69270000 - 0x69544000 	C:\Windows\system32\atiumdva.dll
0x6d600000 - 0x6d613000 	C:\Program Files\Java\jre6\bin\net.dll
0x76350000 - 0x76385000 	C:\Windows\system32\WS2_32.dll
0x75ce0000 - 0x75ce6000 	C:\Windows\system32\NSI.dll
0x752a0000 - 0x752dc000 	C:\Windows\system32\mswsock.dll
0x75290000 - 0x75296000 	C:\Windows\System32\wship6.dll
0x6d620000 - 0x6d629000 	C:\Program Files\Java\jre6\bin\nio.dll
0x76210000 - 0x7629f000 	C:\Windows\system32\OLEAUT32.DLL
0x74d80000 - 0x74d85000 	C:\Windows\System32\wshtcpip.dll
0x75160000 - 0x751a4000 	C:\Windows\system32\DNSAPI.dll
0x70620000 - 0x70647000 	C:\Program Files\Common Files\Microsoft Shared\Windows Live\WLIDNSP.DLL
0x75cf0000 - 0x75cf5000 	C:\Windows\system32\PSAPI.DLL
0x72200000 - 0x7221c000 	C:\Windows\system32\IPHLPAPI.DLL
0x721f0000 - 0x721f7000 	C:\Windows\system32\WINNSI.DLL
0x70610000 - 0x70616000 	C:\Windows\system32\rasadhlp.dll
0x72070000 - 0x720a8000 	C:\Windows\System32\fwpuclnt.dll
0x6d510000 - 0x6d535000 	C:\Program Files\Java\jre6\bin\jsound.dll
0x6d540000 - 0x6d548000 	C:\Program Files\Java\jre6\bin\jsoundds.dll
0x73ed0000 - 0x73f42000 	C:\Windows\system32\DSOUND.dll
0x74cc0000 - 0x74ce5000 	C:\Windows\system32\POWRPROF.dll
0x76390000 - 0x7652d000 	C:\Windows\system32\SETUPAPI.dll
0x75b40000 - 0x75b67000 	C:\Windows\system32\CFGMGR32.dll
0x75940000 - 0x75952000 	C:\Windows\system32\DEVOBJ.dll
0x742b0000 - 0x742e9000 	C:\Windows\system32\MMDevAPI.DLL
0x74710000 - 0x74805000 	C:\Windows\system32\PROPSYS.dll
0x73df0000 - 0x73e20000 	C:\Windows\system32\wdmaud.drv
0x73b10000 - 0x73b14000 	C:\Windows\system32\ksuser.dll
0x74150000 - 0x74157000 	C:\Windows\system32\AVRT.dll
0x73970000 - 0x739a6000 	C:\Windows\system32\AUDIOSES.DLL
0x73940000 - 0x73948000 	C:\Windows\system32\msacm32.drv
0x73920000 - 0x73934000 	C:\Windows\system32\MSACM32.dll
0x73910000 - 0x73917000 	C:\Windows\system32\midimap.dll
0x75f20000 - 0x75fa3000 	C:\Windows\system32\CLBCatQ.DLL
0x752e0000 - 0x752f6000 	C:\Windows\system32\CRYPTSP.dll
0x75080000 - 0x750bb000 	C:\Windows\system32\rsaenh.dll
0x757c0000 - 0x757ce000 	C:\Windows\system32\RpcRtRemote.dll

VM Arguments:
jvm_args: -Dfile.encoding=Cp1250 
java_command: Organizer
Launcher Type: SUN_STANDARD

Environment Variables:
PATH=C:/Program Files/Java/jre6/bin/client;C:/Program Files/Java/jre6/bin;C:/Program Files/Java/jre6/lib/i386;C:\Program Files\Common Files\Microsoft Shared\Windows Live;C:\Windows\system32;C:\Windows;C:\Windows\System32\Wbem;C:\Windows\System32\WindowsPowerShell\v1.0\;C:\Program Files\Windows Live\Shared;C:\Program Files\Toshiba\Bluetooth Toshiba Stack\sys\;c:\Program Files\Microsoft SQL Server\90\Tools\binn\;C:\Program Files\Heroku;C:\Program Files\git\bin;C:\Program Files\git\cmd;C:\Program Files\FERRO Software\FtpUse
USERNAME=Jakub
OS=Windows_NT
PROCESSOR_IDENTIFIER=x86 Family 6 Model 23 Stepping 10, GenuineIntel



---------------  S Y S T E M  ---------------

OS: Windows 7 Build 7600 

CPU:total 2 (2 cores per cpu, 1 threads per core) family 6 model 23 stepping 10, cmov, cx8, fxsr, mmx, sse, sse2, sse3, ssse3

Memory: 4k page, physical 3109760k(980928k free), swap 6217756k(3499052k free)

vm_info: Java HotSpot(TM) Client VM (20.4-b02) for windows-x86 JRE (1.6.0_29-b11), built on Oct  3 2011 01:01:08 by "java_re" with MS VC++ 7.1 (VS2003)

time: Mon Jun 04 19:46:52 2012
elapsed time: 10 seconds

