#
# A fatal error has been detected by the Java Runtime Environment:
#
#  EXCEPTION_ACCESS_VIOLATION (0xc0000005) at pc=0x762276d0, pid=7700, tid=7248
#
# JRE version: 6.0_29-b11
# Java VM: Java HotSpot(TM) Client VM (20.4-b02 mixed mode, sharing windows-x86 )
# Problematic frame:
# C  [ole32.dll+0x376d0]
#
# If you would like to submit a bug report, please visit:
#   http://java.sun.com/webapps/bugreport/crash.jsp
# The crash happened outside the Java Virtual Machine in native code.
# See problematic frame for where to report the bug.
#

---------------  T H R E A D  ---------------

Current thread (0x03f45c00):  JavaThread "AWT-EventQueue-0" [_thread_in_native, id=7248, stack(0x04440000,0x04490000)]

siginfo: ExceptionCode=0xc0000005, reading address 0x00000060

Registers:
EAX=0x00000000, EBX=0x03f47438, ECX=0x763373b0, EDX=0x00000014
ESP=0x0448ed00, EBP=0x0448ed30, ESI=0x00262d70, EDI=0x0027cca8
EIP=0x762276d0, EFLAGS=0x00010246

Top of Stack: (sp=0x0448ed00)
0x0448ed00:   03f47438 0027cca8 00000000 00000000
0x0448ed10:   76235d9e 00262d70 00000000 762443c7
0x0448ed20:   0027ccac 0448ed38 7624011b cae85307
0x0448ed30:   0448ed4c 7622760a 0409f4f8 00000000
0x0448ed40:   7632d83e 03f9d728 0027cca8 0448ed98
0x0448ed50:   7627e1a9 cae853af 03f9d728 03f9d728
0x0448ed60:   03f47438 0448ed7c 75a792ee 00000000
0x0448ed70:   00000000 000004f8 001f0001 00000000 

Instructions: (pc=0x762276d0)
0x762276b0:   c2 02 00 64 a1 18 00 00 00 8b 80 80 0f 00 00 f6
0x762276c0:   40 0c 80 0f 84 a1 26 00 00 8b 46 40 53 89 46 38
0x762276d0:   8b 48 60 68 a0 86 23 76 89 4e 48 8b 40 64 68 b0
0x762276e0:   03 00 00 bb 58 77 33 76 68 50 02 24 76 8b cb 89 


Register to memory mapping:

EAX=0x00000000 is an unknown value
EBX=0x03f47438 is a global jni handle
ECX=0x763373b0 is an unknown value
EDX=0x00000014 is an unknown value
ESP=0x0448ed00 is pointing into the stack for thread: 0x03f45c00
EBP=0x0448ed30 is pointing into the stack for thread: 0x03f45c00
ESI=0x00262d70 is an unknown value
EDI=0x0027cca8 is an unknown value


Stack: [0x04440000,0x04490000],  sp=0x0448ed00,  free space=315k
Native frames: (J=compiled Java code, j=interpreted, Vv=VM code, C=native code)
C  [ole32.dll+0x376d0]  CoUnmarshalInterface+0x2395
C  [ole32.dll+0x3760a]  CoUnmarshalInterface+0x22cf
C  [ole32.dll+0x8e1a9]  CoLockObjectExternal+0x22

Java frames: (J=compiled Java code, j=interpreted, Vv=VM code)
j  sun.awt.windows.WComponentPeer.addNativeDropTarget()J+0
j  sun.awt.windows.WComponentPeer.addDropTarget(Ljava/awt/dnd/DropTarget;)V+9
j  java.awt.dnd.DropTarget.addNotify(Ljava/awt/peer/ComponentPeer;)V+60
j  java.awt.Component.addNotify()V+297
j  java.awt.Container.addNotify()V+8
j  javax.swing.JComponent.addNotify()V+1
j  java.awt.Container.addNotify()V+61
j  javax.swing.JComponent.addNotify()V+1
j  java.awt.Container.addNotify()V+61
j  javax.swing.JComponent.addNotify()V+1
j  java.awt.Container.addNotify()V+61
j  javax.swing.JComponent.addNotify()V+1
j  java.awt.Container.addNotify()V+61
j  javax.swing.JComponent.addNotify()V+1
j  java.awt.Container.addNotify()V+61
j  javax.swing.JComponent.addNotify()V+1
j  java.awt.Container.addNotify()V+61
j  javax.swing.JComponent.addNotify()V+1
j  java.awt.Container.addImpl(Ljava/awt/Component;Ljava/lang/Object;I)V+194
j  java.awt.Container.add(Ljava/awt/Component;Ljava/lang/Object;I)V+4
j  javax.swing.JFrame.addImpl(Ljava/awt/Component;Ljava/lang/Object;I)V+14
j  java.awt.Container.add(Ljava/awt/Component;)Ljava/awt/Component;+4
j  view.MainFrame.<init>(Ljava/lang/String;IIII)V+742
j  controller.WelcomeFrameEvent$1.run()V+29
j  java.awt.event.InvocationEvent.dispatch()V+47
j  java.awt.EventQueue.dispatchEventImpl(Ljava/awt/AWTEvent;Ljava/lang/Object;)V+21
j  java.awt.EventQueue.access$000(Ljava/awt/EventQueue;Ljava/awt/AWTEvent;Ljava/lang/Object;)V+3
j  java.awt.EventQueue$1.run()Ljava/lang/Void;+12
j  java.awt.EventQueue$1.run()Ljava/lang/Object;+1
v  ~StubRoutines::call_stub
J  java.security.AccessController.doPrivileged(Ljava/security/PrivilegedAction;Ljava/security/AccessControlContext;)Ljava/lang/Object;
J  java.security.AccessControlContext$1.doIntersectionPrivilege(Ljava/security/PrivilegedAction;Ljava/security/AccessControlContext;Ljava/security/AccessControlContext;)Ljava/lang/Object;
j  java.awt.EventQueue.dispatchEvent(Ljava/awt/AWTEvent;)V+46
J  java.awt.EventDispatchThread.pumpOneEventForFilters(I)Z
j  java.awt.EventDispatchThread.pumpEventsForFilter(ILjava/awt/Conditional;Ljava/awt/EventFilter;)V+30
j  java.awt.EventDispatchThread.pumpEventsForHierarchy(ILjava/awt/Conditional;Ljava/awt/Component;)V+11
j  java.awt.EventDispatchThread.pumpEvents(ILjava/awt/Conditional;)V+4
j  java.awt.EventDispatchThread.pumpEvents(Ljava/awt/Conditional;)V+3
j  java.awt.EventDispatchThread.run()V+9
v  ~StubRoutines::call_stub

---------------  P R O C E S S  ---------------

Java Threads: ( => current thread )
  0x040d7000 JavaThread "Java Sound Event Dispatcher" daemon [_thread_blocked, id=6496, stack(0x07ee0000,0x07f30000)]
  0x040ca000 JavaThread "Thread-3" [_thread_blocked, id=6544, stack(0x06790000,0x067e0000)]
  0x040b3400 JavaThread "TimerQueue" daemon [_thread_blocked, id=6644, stack(0x072b0000,0x07300000)]
  0x01c29000 JavaThread "DestroyJavaVM" [_thread_blocked, id=7960, stack(0x001b0000,0x00200000)]
  0x03f69000 JavaThread "D3D Screen Updater" daemon [_thread_blocked, id=656, stack(0x066c0000,0x06710000)]
=>0x03f45c00 JavaThread "AWT-EventQueue-0" [_thread_in_native, id=7248, stack(0x04440000,0x04490000)]
  0x01b1d800 JavaThread "AWT-Windows" daemon [_thread_in_native, id=2292, stack(0x04290000,0x042e0000)]
  0x01b1d000 JavaThread "AWT-Shutdown" [_thread_blocked, id=7840, stack(0x04220000,0x04270000)]
  0x01b1c800 JavaThread "Java2D Disposer" daemon [_thread_blocked, id=7084, stack(0x041d0000,0x04220000)]
  0x01ad7400 JavaThread "Low Memory Detector" daemon [_thread_blocked, id=6072, stack(0x03e70000,0x03ec0000)]
  0x01ac9c00 JavaThread "C1 CompilerThread0" daemon [_thread_blocked, id=2112, stack(0x03e20000,0x03e70000)]
  0x01ac6c00 JavaThread "Attach Listener" daemon [_thread_blocked, id=4348, stack(0x03dd0000,0x03e20000)]
  0x01ac5c00 JavaThread "Signal Dispatcher" daemon [_thread_blocked, id=6812, stack(0x03d80000,0x03dd0000)]
  0x01ac1000 JavaThread "Finalizer" daemon [_thread_blocked, id=7532, stack(0x03d30000,0x03d80000)]
  0x01abbc00 JavaThread "Reference Handler" daemon [_thread_blocked, id=4652, stack(0x03ce0000,0x03d30000)]

Other Threads:
  0x01a80000 VMThread [stack: 0x03c90000,0x03ce0000] [id=7384]
  0x01ad8400 WatcherThread [stack: 0x03ec0000,0x03f10000] [id=7008]

VM state:not at safepoint (normal execution)

VM Mutex/Monitor currently owned by a thread: None

Heap
 def new generation   total 4928K, used 796K [0x23b00000, 0x24050000, 0x29050000)
  eden space 4416K,   6% used [0x23b00000, 0x23b47180, 0x23f50000)
  from space 512K, 100% used [0x23fd0000, 0x24050000, 0x24050000)
  to   space 512K,   0% used [0x23f50000, 0x23f50000, 0x23fd0000)
 tenured generation   total 10944K, used 2235K [0x29050000, 0x29b00000, 0x33b00000)
   the space 10944K,  20% used [0x29050000, 0x2927eee8, 0x2927f000, 0x29b00000)
 compacting perm gen  total 12288K, used 3081K [0x33b00000, 0x34700000, 0x37b00000)
   the space 12288K,  25% used [0x33b00000, 0x33e02758, 0x33e02800, 0x34700000)
    ro space 10240K,  51% used [0x37b00000, 0x3802d0b8, 0x3802d200, 0x38500000)
    rw space 12288K,  54% used [0x38500000, 0x38b99570, 0x38b99600, 0x39100000)

Code Cache  [0x01c30000, 0x01d20000, 0x03c30000)
 total_blobs=505 nmethods=268 adapters=173 free_code_cache=32596224 largest_free_block=0

Dynamic libraries:
0x00400000 - 0x00424000 	C:\Program Files\Java\jre6\bin\javaw.exe
0x77730000 - 0x7786d000 	C:\Windows\SYSTEM32\ntdll.dll
0x773b0000 - 0x77484000 	C:\Windows\system32\kernel32.dll
0x75a70000 - 0x75aba000 	C:\Windows\system32\KERNELBASE.dll
0x75850000 - 0x75887000 	C:\Program Files\AVAST Software\Avast\snxhk.dll
0x77310000 - 0x773b0000 	C:\Windows\system32\ADVAPI32.dll
0x778b0000 - 0x7795c000 	C:\Windows\system32\msvcrt.dll
0x761a0000 - 0x761b9000 	C:\Windows\SYSTEM32\sechost.dll
0x75df0000 - 0x75e91000 	C:\Windows\system32\RPCRT4.dll
0x75b80000 - 0x75c49000 	C:\Windows\system32\USER32.dll
0x776e0000 - 0x7772e000 	C:\Windows\system32\GDI32.dll
0x77870000 - 0x7787a000 	C:\Windows\system32\LPK.dll
0x75ea0000 - 0x75f3d000 	C:\Windows\system32\USP10.dll
0x77880000 - 0x7789f000 	C:\Windows\system32\IMM32.DLL
0x77240000 - 0x7730c000 	C:\Windows\system32\MSCTF.dll
0x7c340000 - 0x7c396000 	C:\Program Files\Java\jre6\bin\msvcr71.dll
0x6d7f0000 - 0x6da9f000 	C:\Program Files\Java\jre6\bin\client\jvm.dll
0x73ca0000 - 0x73cd2000 	C:\Windows\system32\WINMM.dll
0x75770000 - 0x757bb000 	C:\Windows\system32\apphelp.dll
0x6d7a0000 - 0x6d7ac000 	C:\Program Files\Java\jre6\bin\verify.dll
0x6d320000 - 0x6d33f000 	C:\Program Files\Java\jre6\bin\java.dll
0x6d7e0000 - 0x6d7ef000 	C:\Program Files\Java\jre6\bin\zip.dll
0x6d000000 - 0x6d14c000 	C:\Program Files\Java\jre6\bin\awt.dll
0x702b0000 - 0x70301000 	C:\Windows\system32\WINSPOOL.DRV
0x761f0000 - 0x7634c000 	C:\Windows\system32\ole32.dll
0x74860000 - 0x749fe000 	C:\Windows\WinSxS\x86_microsoft.windows.common-controls_6595b64144ccf1df_6.0.7600.16661_none_420fe3fa2b8113bd\COMCTL32.dll
0x75f40000 - 0x75f97000 	C:\Windows\system32\SHLWAPI.dll
0x743b0000 - 0x743c3000 	C:\Windows\system32\DWMAPI.DLL
0x746e0000 - 0x74720000 	C:\Windows\system32\uxtheme.dll
0x757c0000 - 0x757cc000 	C:\Windows\system32\CRYPTBASE.dll
0x76490000 - 0x770d9000 	C:\Windows\system32\shell32.dll
0x6d230000 - 0x6d27f000 	C:\Program Files\Java\jre6\bin\fontmanager.dll
0x6fa70000 - 0x6fc33000 	C:\Windows\system32\d3d9.dll
0x74cc0000 - 0x74cc9000 	C:\Windows\system32\VERSION.dll
0x6fa60000 - 0x6fa66000 	C:\Windows\system32\d3d8thk.dll
0x694a0000 - 0x6979d000 	C:\Windows\system32\atiumdag.dll
0x68a30000 - 0x68d04000 	C:\Windows\system32\atiumdva.dll
0x6d600000 - 0x6d613000 	C:\Program Files\Java\jre6\bin\net.dll
0x776a0000 - 0x776d5000 	C:\Windows\system32\WS2_32.dll
0x778a0000 - 0x778a6000 	C:\Windows\system32\NSI.dll
0x752b0000 - 0x752ec000 	C:\Windows\system32\mswsock.dll
0x752a0000 - 0x752a6000 	C:\Windows\System32\wship6.dll
0x6d620000 - 0x6d629000 	C:\Program Files\Java\jre6\bin\nio.dll
0x75c50000 - 0x75cdf000 	C:\Windows\system32\OLEAUT32.DLL
0x74d90000 - 0x74d95000 	C:\Windows\System32\wshtcpip.dll
0x75170000 - 0x751b4000 	C:\Windows\system32\DNSAPI.dll
0x70630000 - 0x70657000 	C:\Program Files\Common Files\Microsoft Shared\Windows Live\WLIDNSP.DLL
0x77690000 - 0x77695000 	C:\Windows\system32\PSAPI.DLL
0x73580000 - 0x7359c000 	C:\Windows\system32\IPHLPAPI.DLL
0x73550000 - 0x73557000 	C:\Windows\system32\WINNSI.DLL
0x70620000 - 0x70626000 	C:\Windows\system32\rasadhlp.dll
0x733e0000 - 0x73418000 	C:\Windows\System32\fwpuclnt.dll
0x6d510000 - 0x6d535000 	C:\Program Files\Java\jre6\bin\jsound.dll
0x6d540000 - 0x6d548000 	C:\Program Files\Java\jre6\bin\jsoundds.dll
0x683b0000 - 0x68422000 	C:\Windows\system32\DSOUND.dll
0x74d50000 - 0x74d75000 	C:\Windows\system32\POWRPROF.dll
0x75fb0000 - 0x7614d000 	C:\Windows\system32\SETUPAPI.dll
0x75920000 - 0x75947000 	C:\Windows\system32\CFGMGR32.dll
0x75900000 - 0x75912000 	C:\Windows\system32\DEVOBJ.dll
0x743d0000 - 0x74409000 	C:\Windows\system32\MMDevAPI.DLL
0x74720000 - 0x74815000 	C:\Windows\system32\PROPSYS.dll
0x73bb0000 - 0x73be0000 	C:\Windows\system32\wdmaud.drv
0x73c90000 - 0x73c94000 	C:\Windows\system32\ksuser.dll
0x73c70000 - 0x73c77000 	C:\Windows\system32\AVRT.dll
0x73960000 - 0x73996000 	C:\Windows\system32\AUDIOSES.DLL
0x73900000 - 0x73908000 	C:\Windows\system32\msacm32.drv
0x738e0000 - 0x738f4000 	C:\Windows\system32\MSACM32.dll
0x738d0000 - 0x738d7000 	C:\Windows\system32\midimap.dll
0x75d60000 - 0x75de3000 	C:\Windows\system32\CLBCatQ.DLL

VM Arguments:
jvm_args: -Dfile.encoding=Cp1250 
java_command: Organizer
Launcher Type: SUN_STANDARD

Environment Variables:
PATH=C:/Program Files/Java/jre6/bin/client;C:/Program Files/Java/jre6/bin;C:/Program Files/Java/jre6/lib/i386;C:\Program Files\Common Files\Microsoft Shared\Windows Live;C:\Windows\system32;C:\Windows;C:\Windows\System32\Wbem;C:\Windows\System32\WindowsPowerShell\v1.0\;C:\Program Files\Windows Live\Shared;C:\Program Files\Toshiba\Bluetooth Toshiba Stack\sys\;c:\Program Files\Microsoft SQL Server\90\Tools\binn\;C:\Program Files\Heroku;C:\Program Files\git\bin;C:\Program Files\git\cmd;C:\Program Files\FERRO Software\FtpUse
USERNAME=Jakub
OS=Windows_NT
PROCESSOR_IDENTIFIER=x86 Family 6 Model 23 Stepping 10, GenuineIntel



---------------  S Y S T E M  ---------------

OS: Windows 7 Build 7600 

CPU:total 2 (2 cores per cpu, 1 threads per core) family 6 model 23 stepping 10, cmov, cx8, fxsr, mmx, sse, sse2, sse3, ssse3

Memory: 4k page, physical 3109760k(1620556k free), swap 6217756k(3874032k free)

vm_info: Java HotSpot(TM) Client VM (20.4-b02) for windows-x86 JRE (1.6.0_29-b11), built on Oct  3 2011 01:01:08 by "java_re" with MS VC++ 7.1 (VS2003)

time: Tue Jun 05 18:20:44 2012
elapsed time: 26 seconds

