#
# A fatal error has been detected by the Java Runtime Environment:
#
#  EXCEPTION_ACCESS_VIOLATION (0xc0000005) at pc=0x768dd7ca, pid=4328, tid=116
#
# JRE version: 6.0_30-b12
# Java VM: Java HotSpot(TM) Client VM (20.5-b03 mixed mode, sharing windows-x86 )
# Problematic frame:
# C  [ole32.dll+0x2d7ca]
#
# If you would like to submit a bug report, please visit:
#   http://java.sun.com/webapps/bugreport/crash.jsp
# The crash happened outside the Java Virtual Machine in native code.
# See problematic frame for where to report the bug.
#

---------------  T H R E A D  ---------------

Current thread (0x03f1c000):  JavaThread "AWT-EventQueue-0" [_thread_in_native, id=116, stack(0x04810000,0x04860000)]

siginfo: ExceptionCode=0xc0000005, writing address 0x00000028

Registers:
EAX=0x0485ef3c, EBX=0x769f7758, ECX=0x00000000, EDX=0x00000000
ESP=0x0485ef0c, EBP=0x0485ef14, ESI=0x0485ef3c, EDI=0x00000028
EIP=0x768dd7ca, EFLAGS=0x00010246

Top of Stack: (sp=0x0485ef0c)
0x0485ef0c:   0028a2a8 0026de20 0485ef50 768dd300
0x0485ef1c:   0485ef3c 03f2118c 0028a2a8 00000000
0x0485ef2c:   00000000 0025a8a0 0026de20 00000000
0x0485ef3c:   0000b000 000010e8 e9f9686c 22892502
0x0485ef4c:   411c1167 0485ef6c 768dd369 03f60870
0x0485ef5c:   00000000 769ed6ee 03f6edc8 0028a2a8
0x0485ef6c:   0485efb8 7693e893 411c118f 03f6edc8
0x0485ef7c:   03f6edc8 03f2118c 0485ef9c 75cead36 

Instructions: (pc=0x768dd7ca)
0x768dd7aa:   00 83 c4 0c 89 45 fc 8b 45 fc c9 c2 30 00 90 90
0x768dd7ba:   90 90 90 8b ff 55 8b ec 56 8b 75 08 57 8d 79 28
0x768dd7ca:   a5 a5 a5 a5 5f 5e 5d c2 04 00 ff 75 0c ff 75 08
0x768dd7da:   e8 8d fe ff ff e9 15 f7 ff ff 90 90 90 90 90 8b 


Register to memory mapping:

EAX=0x0485ef3c is pointing into the stack for thread: 0x03f1c000
EBX=0x769f7758 is an unknown value
ECX=0x00000000 is an unknown value
EDX=0x00000000 is an unknown value
ESP=0x0485ef0c is pointing into the stack for thread: 0x03f1c000
EBP=0x0485ef14 is pointing into the stack for thread: 0x03f1c000
ESI=0x0485ef3c is pointing into the stack for thread: 0x03f1c000
EDI=0x00000028 is an unknown value


Stack: [0x04810000,0x04860000],  sp=0x0485ef0c,  free space=315k
Native frames: (J=compiled Java code, j=interpreted, Vv=VM code, C=native code)
C  [ole32.dll+0x2d7ca]  CoGetTreatAsClass+0x309b
C  [ole32.dll+0x2d300]  CoGetTreatAsClass+0x2bd1
C  [ole32.dll+0x2d369]  CoGetTreatAsClass+0x2c3a
C  [ole32.dll+0x8e893]  CoLockObjectExternal+0x22

Java frames: (J=compiled Java code, j=interpreted, Vv=VM code)
j  sun.awt.windows.WComponentPeer.addNativeDropTarget()J+0
j  sun.awt.windows.WComponentPeer.addDropTarget(Ljava/awt/dnd/DropTarget;)V+9
j  java.awt.dnd.DropTarget.addNotify(Ljava/awt/peer/ComponentPeer;)V+60
j  java.awt.Component.addNotify()V+297
j  java.awt.Container.addNotify()V+8
j  javax.swing.JComponent.addNotify()V+1
j  java.awt.Container.addNotify()V+61
j  javax.swing.JComponent.addNotify()V+1
j  java.awt.Container.addNotify()V+61
j  javax.swing.JComponent.addNotify()V+1
j  java.awt.Container.addNotify()V+61
j  javax.swing.JComponent.addNotify()V+1
j  java.awt.Container.addNotify()V+61
j  javax.swing.JComponent.addNotify()V+1
j  java.awt.Container.addNotify()V+61
j  javax.swing.JComponent.addNotify()V+1
j  java.awt.Container.addNotify()V+61
j  javax.swing.JComponent.addNotify()V+1
j  java.awt.Container.addImpl(Ljava/awt/Component;Ljava/lang/Object;I)V+194
j  java.awt.Container.add(Ljava/awt/Component;Ljava/lang/Object;I)V+4
j  javax.swing.JFrame.addImpl(Ljava/awt/Component;Ljava/lang/Object;I)V+14
j  java.awt.Container.add(Ljava/awt/Component;)Ljava/awt/Component;+4
j  view.MainFrame.<init>(Ljava/lang/String;IIII)V+753
j  controller.WelcomeFrameEvent$1.run()V+29
j  java.awt.event.InvocationEvent.dispatch()V+47
j  java.awt.EventQueue.dispatchEventImpl(Ljava/awt/AWTEvent;Ljava/lang/Object;)V+21
j  java.awt.EventQueue.access$000(Ljava/awt/EventQueue;Ljava/awt/AWTEvent;Ljava/lang/Object;)V+3
j  java.awt.EventQueue$1.run()Ljava/lang/Void;+12
j  java.awt.EventQueue$1.run()Ljava/lang/Object;+1
v  ~StubRoutines::call_stub
j  java.security.AccessController.doPrivileged(Ljava/security/PrivilegedAction;Ljava/security/AccessControlContext;)Ljava/lang/Object;+0
j  java.security.AccessControlContext$1.doIntersectionPrivilege(Ljava/security/PrivilegedAction;Ljava/security/AccessControlContext;Ljava/security/AccessControlContext;)Ljava/lang/Object;+28
j  java.awt.EventQueue.dispatchEvent(Ljava/awt/AWTEvent;)V+46
j  java.awt.EventDispatchThread.pumpOneEventForFilters(I)Z+204
j  java.awt.EventDispatchThread.pumpEventsForFilter(ILjava/awt/Conditional;Ljava/awt/EventFilter;)V+30
j  java.awt.EventDispatchThread.pumpEventsForHierarchy(ILjava/awt/Conditional;Ljava/awt/Component;)V+11
j  java.awt.EventDispatchThread.pumpEvents(ILjava/awt/Conditional;)V+4
j  java.awt.EventDispatchThread.pumpEvents(Ljava/awt/Conditional;)V+3
j  java.awt.EventDispatchThread.run()V+9
v  ~StubRoutines::call_stub

---------------  P R O C E S S  ---------------

Java Threads: ( => current thread )
  0x03edd800 JavaThread "Java Sound Event Dispatcher" daemon [_thread_blocked, id=3960, stack(0x071f0000,0x07240000)]
  0x0404f400 JavaThread "Thread-3" [_thread_blocked, id=1096, stack(0x06e50000,0x06ea0000)]
  0x04020800 JavaThread "TimerQueue" daemon [_thread_blocked, id=3944, stack(0x07100000,0x07150000)]
  0x004b9000 JavaThread "DestroyJavaVM" [_thread_blocked, id=5252, stack(0x00430000,0x00480000)]
  0x03f38800 JavaThread "D3D Screen Updater" daemon [_thread_blocked, id=3760, stack(0x061d0000,0x06220000)]
=>0x03f1c000 JavaThread "AWT-EventQueue-0" [_thread_in_native, id=116, stack(0x04810000,0x04860000)]
  0x01b0d800 JavaThread "AWT-Windows" daemon [_thread_in_native, id=4652, stack(0x04350000,0x043a0000)]
  0x01b0d000 JavaThread "AWT-Shutdown" [_thread_blocked, id=128, stack(0x04300000,0x04350000)]
  0x01af3800 JavaThread "Java2D Disposer" daemon [_thread_blocked, id=4248, stack(0x042b0000,0x04300000)]
  0x01a9e400 JavaThread "Low Memory Detector" daemon [_thread_blocked, id=5408, stack(0x03e30000,0x03e80000)]
  0x01a99800 JavaThread "C1 CompilerThread0" daemon [_thread_blocked, id=896, stack(0x03de0000,0x03e30000)]
  0x01a98800 JavaThread "Attach Listener" daemon [_thread_blocked, id=3516, stack(0x03d90000,0x03de0000)]
  0x01a95800 JavaThread "Signal Dispatcher" daemon [_thread_blocked, id=5832, stack(0x03d40000,0x03d90000)]
  0x01a8bc00 JavaThread "Finalizer" daemon [_thread_blocked, id=5488, stack(0x03cf0000,0x03d40000)]
  0x01a8a400 JavaThread "Reference Handler" daemon [_thread_blocked, id=3368, stack(0x03ca0000,0x03cf0000)]

Other Threads:
  0x01a4d800 VMThread [stack: 0x004c0000,0x00510000] [id=4352]
  0x01aa8000 WatcherThread [stack: 0x03e80000,0x03ed0000] [id=2344]

VM state:not at safepoint (normal execution)

VM Mutex/Monitor currently owned by a thread: None

Heap
 def new generation   total 4928K, used 4438K [0x23b20000, 0x24070000, 0x29070000)
  eden space 4416K,  91% used [0x23b20000, 0x23f16078, 0x23f70000)
  from space 512K,  74% used [0x23f70000, 0x23fcf8f8, 0x23ff0000)
  to   space 512K,   0% used [0x23ff0000, 0x23ff0000, 0x24070000)
 tenured generation   total 10944K, used 1600K [0x29070000, 0x29b20000, 0x33b20000)
   the space 10944K,  14% used [0x29070000, 0x29200100, 0x29200200, 0x29b20000)
 compacting perm gen  total 12288K, used 3118K [0x33b20000, 0x34720000, 0x37b20000)
   the space 12288K,  25% used [0x33b20000, 0x33e2b968, 0x33e2ba00, 0x34720000)
    ro space 10240K,  54% used [0x37b20000, 0x3809e4a8, 0x3809e600, 0x38520000)
    rw space 12288K,  55% used [0x38520000, 0x38bc22a0, 0x38bc2400, 0x39120000)

Code Cache  [0x01b10000, 0x01bf0000, 0x03b10000)
 total_blobs=463 nmethods=223 adapters=176 free_code_cache=32657088 largest_free_block=0

Dynamic libraries:
0x00400000 - 0x00425000 	C:\Program Files\Java\jdk1.6.0_30\bin\javaw.exe
0x77a70000 - 0x77bac000 	C:\Windows\SYSTEM32\ntdll.dll
0x766e0000 - 0x767b4000 	C:\Windows\system32\kernel32.dll
0x75ce0000 - 0x75d2a000 	C:\Windows\system32\KERNELBASE.dll
0x75bd0000 - 0x75c07000 	E:\Programy\AVAST Antivirus\snxhk.dll
0x75f00000 - 0x75fa0000 	C:\Windows\system32\ADVAPI32.dll
0x75fa0000 - 0x7604c000 	C:\Windows\system32\msvcrt.dll
0x76450000 - 0x76469000 	C:\Windows\SYSTEM32\sechost.dll
0x77660000 - 0x77701000 	C:\Windows\system32\RPCRT4.dll
0x765b0000 - 0x76679000 	C:\Windows\system32\USER32.dll
0x76500000 - 0x7654e000 	C:\Windows\system32\GDI32.dll
0x77bc0000 - 0x77bca000 	C:\Windows\system32\LPK.dll
0x76050000 - 0x760ed000 	C:\Windows\system32\USP10.dll
0x76680000 - 0x7669f000 	C:\Windows\system32\IMM32.DLL
0x77bd0000 - 0x77c9c000 	C:\Windows\system32\MSCTF.dll
0x7c340000 - 0x7c396000 	C:\Program Files\Java\jdk1.6.0_30\jre\bin\msvcr71.dll
0x6d8c0000 - 0x6db6f000 	C:\Program Files\Java\jdk1.6.0_30\jre\bin\client\jvm.dll
0x73f70000 - 0x73fa2000 	C:\Windows\system32\WINMM.dll
0x75ac0000 - 0x75b0c000 	C:\Windows\system32\apphelp.dll
0x6d870000 - 0x6d87c000 	C:\Program Files\Java\jdk1.6.0_30\jre\bin\verify.dll
0x6d3d0000 - 0x6d3ef000 	C:\Program Files\Java\jdk1.6.0_30\jre\bin\java.dll
0x6d8b0000 - 0x6d8bf000 	C:\Program Files\Java\jdk1.6.0_30\jre\bin\zip.dll
0x6d0b0000 - 0x6d1fc000 	C:\Program Files\Java\jdk1.6.0_30\jre\bin\awt.dll
0x706e0000 - 0x70731000 	C:\Windows\system32\WINSPOOL.DRV
0x768b0000 - 0x76a0c000 	C:\Windows\system32\ole32.dll
0x74b10000 - 0x74cae000 	C:\Windows\WinSxS\x86_microsoft.windows.common-controls_6595b64144ccf1df_6.0.7601.17514_none_41e6975e2bd6f2b2\COMCTL32.dll
0x76550000 - 0x765a7000 	C:\Windows\system32\SHLWAPI.dll
0x745b0000 - 0x745c3000 	C:\Windows\system32\DWMAPI.DLL
0x74910000 - 0x74950000 	C:\Windows\system32\uxtheme.dll
0x75b40000 - 0x75b4c000 	C:\Windows\system32\CRYPTBASE.dll
0x76a10000 - 0x7765a000 	C:\Windows\system32\shell32.dll
0x6d2e0000 - 0x6d32f000 	C:\Program Files\Java\jdk1.6.0_30\jre\bin\fontmanager.dll
0x6ea40000 - 0x6ec03000 	C:\Windows\system32\d3d9.dll
0x75080000 - 0x75089000 	C:\Windows\system32\VERSION.dll
0x6ea30000 - 0x6ea36000 	C:\Windows\system32\d3d8thk.dll
0x6e3a0000 - 0x6e716000 	C:\Windows\system32\atiumdag.dll
0x6e0c0000 - 0x6e39c000 	C:\Windows\system32\atiumdva.dll
0x6d6b0000 - 0x6d6c3000 	C:\Program Files\Java\jdk1.6.0_30\jre\bin\net.dll
0x766a0000 - 0x766d5000 	C:\Windows\system32\WS2_32.dll
0x76470000 - 0x76476000 	C:\Windows\system32\NSI.dll
0x75600000 - 0x7563c000 	C:\Windows\system32\mswsock.dll
0x755f0000 - 0x755f6000 	C:\Windows\System32\wship6.dll
0x6d6d0000 - 0x6d6d9000 	C:\Program Files\Java\jdk1.6.0_30\jre\bin\nio.dll
0x6d250000 - 0x6d273000 	C:\Program Files\Java\jdk1.6.0_30\jre\bin\dcpr.dll
0x760f0000 - 0x7617f000 	C:\Windows\system32\OLEAUT32.DLL
0x75150000 - 0x75155000 	C:\Windows\System32\wshtcpip.dll
0x754c0000 - 0x75504000 	C:\Windows\system32\DNSAPI.dll
0x73970000 - 0x7398c000 	C:\Windows\system32\IPHLPAPI.DLL
0x73960000 - 0x73967000 	C:\Windows\system32\WINNSI.DLL
0x70890000 - 0x70896000 	C:\Windows\system32\rasadhlp.dll
0x73830000 - 0x73868000 	C:\Windows\System32\fwpuclnt.dll
0x6d5c0000 - 0x6d5e5000 	C:\Program Files\Java\jdk1.6.0_30\jre\bin\jsound.dll
0x6d5f0000 - 0x6d5f8000 	C:\Program Files\Java\jdk1.6.0_30\jre\bin\jsoundds.dll
0x6bf30000 - 0x6bfa2000 	C:\Windows\system32\DSOUND.dll
0x75110000 - 0x75135000 	C:\Windows\system32\POWRPROF.dll
0x778d0000 - 0x77a6d000 	C:\Windows\system32\SETUPAPI.dll
0x75c80000 - 0x75ca7000 	C:\Windows\system32\CFGMGR32.dll
0x75d30000 - 0x75d42000 	C:\Windows\system32\DEVOBJ.dll
0x748a0000 - 0x748d9000 	C:\Windows\system32\MMDevAPI.DLL
0x749d0000 - 0x74ac5000 	C:\Windows\system32\PROPSYS.dll
0x74270000 - 0x742a0000 	C:\Windows\system32\wdmaud.drv
0x741b0000 - 0x741b4000 	C:\Windows\system32\ksuser.dll
0x74700000 - 0x74707000 	C:\Windows\system32\AVRT.dll
0x73e70000 - 0x73ea6000 	C:\Windows\system32\AUDIOSES.DLL
0x74200000 - 0x74208000 	C:\Windows\system32\msacm32.drv
0x74ed0000 - 0x74ee4000 	C:\Windows\system32\MSACM32.dll
0x74170000 - 0x74177000 	C:\Windows\system32\midimap.dll
0x76810000 - 0x76893000 	C:\Windows\system32\CLBCatQ.DLL
0x75640000 - 0x75656000 	C:\Windows\system32\CRYPTSP.dll
0x753d0000 - 0x7540b000 	C:\Windows\system32\rsaenh.dll
0x75b50000 - 0x75b5e000 	C:\Windows\system32\RpcRtRemote.dll
0x77bb0000 - 0x77bb5000 	C:\Windows\system32\PSAPI.DLL

VM Arguments:
jvm_args: -Dfile.encoding=Cp1250 
java_command: Organizer
Launcher Type: SUN_STANDARD

Environment Variables:
PATH=C:/Program Files/Java/jre6/bin/client;C:/Program Files/Java/jre6/bin;C:/Program Files/Java/jre6/lib/i386;C:\Windows\System32
USERNAME=adrianowski
OS=Windows_NT
PROCESSOR_IDENTIFIER=x86 Family 6 Model 37 Stepping 2, GenuineIntel



---------------  S Y S T E M  ---------------

OS: Windows 7 Build 7601 Service Pack 1

CPU:total 4 (2 cores per cpu, 2 threads per core) family 6 model 37 stepping 2, cmov, cx8, fxsr, mmx, sse, sse2, sse3, ssse3, sse4.1, sse4.2, popcnt, ht

Memory: 4k page, physical 3651684k(1728916k free), swap 7301612k(5003208k free)

vm_info: Java HotSpot(TM) Client VM (20.5-b03) for windows-x86 JRE (1.6.0_30-b12), built on Nov 10 2011 01:51:00 by "java_re" with MS VC++ 7.1 (VS2003)

time: Tue Jun 05 22:09:27 2012
elapsed time: 12 seconds

