#
# A fatal error has been detected by the Java Runtime Environment:
#
#  EXCEPTION_ACCESS_VIOLATION (0xc0000005) at pc=0x774776d0, pid=2008, tid=3964
#
# JRE version: 6.0_29-b11
# Java VM: Java HotSpot(TM) Client VM (20.4-b02 mixed mode, sharing windows-x86 )
# Problematic frame:
# C  [ole32.dll+0x376d0]
#
# If you would like to submit a bug report, please visit:
#   http://java.sun.com/webapps/bugreport/crash.jsp
# The crash happened outside the Java Virtual Machine in native code.
# See problematic frame for where to report the bug.
#

---------------  T H R E A D  ---------------

Current thread (0x03f10800):  JavaThread "AWT-EventQueue-0" [_thread_in_native, id=3964, stack(0x043e0000,0x04430000)]

siginfo: ExceptionCode=0xc0000005, reading address 0x00000060

Registers:
EAX=0x00000000, EBX=0x03f11c60, ECX=0x775873b0, EDX=0x00000014
ESP=0x0442ef20, EBP=0x0442ef50, ESI=0x00292ee0, EDI=0x002aafa8
EIP=0x774776d0, EFLAGS=0x00010246

Top of Stack: (sp=0x0442ef20)
0x0442ef20:   03f11c60 002aafa8 00000000 00000000
0x0442ef30:   77485d9e 00292ee0 00000000 774943c7
0x0442ef40:   002aafac 0442ef58 7749011b 0ee799b2
0x0442ef50:   0442ef6c 7747760a 01acc0a0 00000000
0x0442ef60:   7757d83e 03f668e0 002aafa8 0442efb8
0x0442ef70:   774ce1a9 0ee7995a 03f668e0 03f668e0
0x0442ef80:   03f11c60 0442ef9c 758b92ee 00000000
0x0442ef90:   00000000 000004fc 001f0001 00000000 

Instructions: (pc=0x774776d0)
0x774776b0:   c2 02 00 64 a1 18 00 00 00 8b 80 80 0f 00 00 f6
0x774776c0:   40 0c 80 0f 84 a1 26 00 00 8b 46 40 53 89 46 38
0x774776d0:   8b 48 60 68 a0 86 48 77 89 4e 48 8b 40 64 68 b0
0x774776e0:   03 00 00 bb 58 77 58 77 68 50 02 49 77 8b cb 89 


Register to memory mapping:

EAX=0x00000000 is an unknown value
EBX=0x03f11c60 is a global jni handle
ECX=0x775873b0 is an unknown value
EDX=0x00000014 is an unknown value
ESP=0x0442ef20 is pointing into the stack for thread: 0x03f10800
EBP=0x0442ef50 is pointing into the stack for thread: 0x03f10800
ESI=0x00292ee0 is an unknown value
EDI=0x002aafa8 is an unknown value


Stack: [0x043e0000,0x04430000],  sp=0x0442ef20,  free space=315k
Native frames: (J=compiled Java code, j=interpreted, Vv=VM code, C=native code)
C  [ole32.dll+0x376d0]  CoUnmarshalInterface+0x2395
C  [ole32.dll+0x3760a]  CoUnmarshalInterface+0x22cf
C  [ole32.dll+0x8e1a9]  CoLockObjectExternal+0x22

Java frames: (J=compiled Java code, j=interpreted, Vv=VM code)
j  sun.awt.windows.WComponentPeer.addNativeDropTarget()J+0
j  sun.awt.windows.WComponentPeer.addDropTarget(Ljava/awt/dnd/DropTarget;)V+9
j  java.awt.dnd.DropTarget.addNotify(Ljava/awt/peer/ComponentPeer;)V+60
j  java.awt.Component.addNotify()V+297
j  java.awt.Container.addNotify()V+8
j  javax.swing.JComponent.addNotify()V+1
j  java.awt.Container.addNotify()V+61
j  javax.swing.JComponent.addNotify()V+1
j  java.awt.Container.addNotify()V+61
j  javax.swing.JComponent.addNotify()V+1
j  java.awt.Container.addNotify()V+61
j  javax.swing.JComponent.addNotify()V+1
j  java.awt.Container.addNotify()V+61
j  javax.swing.JComponent.addNotify()V+1
j  java.awt.Container.addNotify()V+61
j  javax.swing.JComponent.addNotify()V+1
j  java.awt.Container.addNotify()V+61
j  javax.swing.JComponent.addNotify()V+1
j  java.awt.Container.addImpl(Ljava/awt/Component;Ljava/lang/Object;I)V+194
j  java.awt.Container.add(Ljava/awt/Component;Ljava/lang/Object;I)V+4
j  javax.swing.JFrame.addImpl(Ljava/awt/Component;Ljava/lang/Object;I)V+14
j  java.awt.Container.add(Ljava/awt/Component;)Ljava/awt/Component;+4
j  view.MainFrame.<init>(Ljava/lang/String;IIII)V+726
j  controller.WelcomeFrameEvent$1.run()V+29
j  java.awt.event.InvocationEvent.dispatch()V+47
j  java.awt.EventQueue.dispatchEventImpl(Ljava/awt/AWTEvent;Ljava/lang/Object;)V+21
j  java.awt.EventQueue.access$000(Ljava/awt/EventQueue;Ljava/awt/AWTEvent;Ljava/lang/Object;)V+3
j  java.awt.EventQueue$1.run()Ljava/lang/Void;+12
j  java.awt.EventQueue$1.run()Ljava/lang/Object;+1
v  ~StubRoutines::call_stub
j  java.security.AccessController.doPrivileged(Ljava/security/PrivilegedAction;Ljava/security/AccessControlContext;)Ljava/lang/Object;+0
j  java.security.AccessControlContext$1.doIntersectionPrivilege(Ljava/security/PrivilegedAction;Ljava/security/AccessControlContext;Ljava/security/AccessControlContext;)Ljava/lang/Object;+28
j  java.awt.EventQueue.dispatchEvent(Ljava/awt/AWTEvent;)V+46
j  java.awt.EventDispatchThread.pumpOneEventForFilters(I)Z+204
j  java.awt.EventDispatchThread.pumpEventsForFilter(ILjava/awt/Conditional;Ljava/awt/EventFilter;)V+30
j  java.awt.EventDispatchThread.pumpEventsForHierarchy(ILjava/awt/Conditional;Ljava/awt/Component;)V+11
j  java.awt.EventDispatchThread.pumpEvents(ILjava/awt/Conditional;)V+4
j  java.awt.EventDispatchThread.pumpEvents(Ljava/awt/Conditional;)V+3
j  java.awt.EventDispatchThread.run()V+9
v  ~StubRoutines::call_stub

---------------  P R O C E S S  ---------------

Java Threads: ( => current thread )
  0x03fad400 JavaThread "Java Sound Event Dispatcher" daemon [_thread_blocked, id=6244, stack(0x07f10000,0x07f60000)]
  0x01aed400 JavaThread "Thread-3" [_thread_blocked, id=6232, stack(0x07de0000,0x07e30000)]
  0x01a90400 JavaThread "TimerQueue" daemon [_thread_blocked, id=6220, stack(0x07830000,0x07880000)]
  0x01bc9000 JavaThread "DestroyJavaVM" [_thread_blocked, id=5524, stack(0x001c0000,0x00210000)]
  0x03f35400 JavaThread "D3D Screen Updater" daemon [_thread_blocked, id=6160, stack(0x06630000,0x06680000)]
=>0x03f10800 JavaThread "AWT-EventQueue-0" [_thread_in_native, id=3964, stack(0x043e0000,0x04430000)]
  0x03f0b000 JavaThread "AWT-Windows" daemon [_thread_in_native, id=2596, stack(0x04390000,0x043e0000)]
  0x01ab7800 JavaThread "AWT-Shutdown" [_thread_blocked, id=3196, stack(0x04340000,0x04390000)]
  0x01ab6c00 JavaThread "Java2D Disposer" daemon [_thread_blocked, id=5856, stack(0x041a0000,0x041f0000)]
  0x01a7e800 JavaThread "Low Memory Detector" daemon [_thread_blocked, id=4236, stack(0x03e40000,0x03e90000)]
  0x01a67c00 JavaThread "C1 CompilerThread0" daemon [_thread_blocked, id=2396, stack(0x03df0000,0x03e40000)]
  0x01a66c00 JavaThread "Attach Listener" daemon [_thread_blocked, id=4944, stack(0x03da0000,0x03df0000)]
  0x01a65c00 JavaThread "Signal Dispatcher" daemon [_thread_blocked, id=3212, stack(0x03d50000,0x03da0000)]
  0x01a61000 JavaThread "Finalizer" daemon [_thread_blocked, id=1900, stack(0x03d00000,0x03d50000)]
  0x01a5bc00 JavaThread "Reference Handler" daemon [_thread_blocked, id=1152, stack(0x03cb0000,0x03d00000)]

Other Threads:
  0x01a20000 VMThread [stack: 0x03c60000,0x03cb0000] [id=3564]
  0x01a7f400 WatcherThread [stack: 0x03e90000,0x03ee0000] [id=2740]

VM state:not at safepoint (normal execution)

VM Mutex/Monitor currently owned by a thread: None

Heap
 def new generation   total 4928K, used 4155K [0x23b00000, 0x24050000, 0x29050000)
  eden space 4416K,  84% used [0x23b00000, 0x23ea4768, 0x23f50000)
  from space 512K,  83% used [0x23f50000, 0x23fba660, 0x23fd0000)
  to   space 512K,   0% used [0x23fd0000, 0x23fd0000, 0x24050000)
 tenured generation   total 10944K, used 1567K [0x29050000, 0x29b00000, 0x33b00000)
   the space 10944K,  14% used [0x29050000, 0x291d7d90, 0x291d7e00, 0x29b00000)
 compacting perm gen  total 12288K, used 2965K [0x33b00000, 0x34700000, 0x37b00000)
   the space 12288K,  24% used [0x33b00000, 0x33de5710, 0x33de5800, 0x34700000)
    ro space 10240K,  51% used [0x37b00000, 0x3802d0b8, 0x3802d200, 0x38500000)
    rw space 12288K,  54% used [0x38500000, 0x38b99570, 0x38b99600, 0x39100000)

Code Cache  [0x01bd0000, 0x01cb0000, 0x03bd0000)
 total_blobs=451 nmethods=214 adapters=173 free_code_cache=32663936 largest_free_block=0

Dynamic libraries:
0x00400000 - 0x00424000 	C:\Program Files\Java\jre6\bin\javaw.exe
0x775a0000 - 0x776dd000 	C:\Windows\SYSTEM32\ntdll.dll
0x759f0000 - 0x75ac4000 	C:\Windows\system32\kernel32.dll
0x758b0000 - 0x758fa000 	C:\Windows\system32\KERNELBASE.dll
0x756c0000 - 0x756f7000 	C:\Program Files\AVAST Software\Avast\snxhk.dll
0x76bd0000 - 0x76c70000 	C:\Windows\system32\ADVAPI32.dll
0x77720000 - 0x777cc000 	C:\Windows\system32\msvcrt.dll
0x76830000 - 0x76849000 	C:\Windows\SYSTEM32\sechost.dll
0x770f0000 - 0x77191000 	C:\Windows\system32\RPCRT4.dll
0x76a50000 - 0x76b19000 	C:\Windows\system32\USER32.dll
0x76cd0000 - 0x76d1e000 	C:\Windows\system32\GDI32.dll
0x776e0000 - 0x776ea000 	C:\Windows\system32\LPK.dll
0x76730000 - 0x767cd000 	C:\Windows\system32\USP10.dll
0x76e60000 - 0x76e7f000 	C:\Windows\system32\IMM32.DLL
0x77020000 - 0x770ec000 	C:\Windows\system32\MSCTF.dll
0x7c340000 - 0x7c396000 	C:\Program Files\Java\jre6\bin\msvcr71.dll
0x6d7f0000 - 0x6da9f000 	C:\Program Files\Java\jre6\bin\client\jvm.dll
0x73a70000 - 0x73aa2000 	C:\Windows\system32\WINMM.dll
0x755e0000 - 0x7562b000 	C:\Windows\system32\apphelp.dll
0x6d7a0000 - 0x6d7ac000 	C:\Program Files\Java\jre6\bin\verify.dll
0x6d320000 - 0x6d33f000 	C:\Program Files\Java\jre6\bin\java.dll
0x6d7e0000 - 0x6d7ef000 	C:\Program Files\Java\jre6\bin\zip.dll
0x6d000000 - 0x6d14c000 	C:\Program Files\Java\jre6\bin\awt.dll
0x6fbf0000 - 0x6fc41000 	C:\Windows\system32\WINSPOOL.DRV
0x77440000 - 0x7759c000 	C:\Windows\system32\ole32.dll
0x746d0000 - 0x7486e000 	C:\Windows\WinSxS\x86_microsoft.windows.common-controls_6595b64144ccf1df_6.0.7600.16661_none_420fe3fa2b8113bd\COMCTL32.dll
0x76c70000 - 0x76cc7000 	C:\Windows\system32\SHLWAPI.dll
0x74160000 - 0x74173000 	C:\Windows\system32\DWMAPI.DLL
0x74440000 - 0x74480000 	C:\Windows\system32\uxtheme.dll
0x75630000 - 0x7563c000 	C:\Windows\system32\CRYPTBASE.dll
0x75ad0000 - 0x76719000 	C:\Windows\system32\shell32.dll
0x6d230000 - 0x6d27f000 	C:\Program Files\Java\jre6\bin\fontmanager.dll
0x72180000 - 0x72343000 	C:\Windows\system32\d3d9.dll
0x74b30000 - 0x74b39000 	C:\Windows\system32\VERSION.dll
0x72070000 - 0x72076000 	C:\Windows\system32\d3d8thk.dll
0x68c20000 - 0x68f1d000 	C:\Windows\system32\atiumdag.dll
0x68790000 - 0x68a64000 	C:\Windows\system32\atiumdva.dll
0x6d600000 - 0x6d613000 	C:\Program Files\Java\jre6\bin\net.dll
0x76b90000 - 0x76bc5000 	C:\Windows\system32\WS2_32.dll
0x76720000 - 0x76726000 	C:\Windows\system32\NSI.dll
0x75120000 - 0x7515c000 	C:\Windows\system32\mswsock.dll
0x75110000 - 0x75116000 	C:\Windows\System32\wship6.dll
0x6d620000 - 0x6d629000 	C:\Program Files\Java\jre6\bin\nio.dll
0x773b0000 - 0x7743f000 	C:\Windows\system32\OLEAUT32.DLL
0x74c00000 - 0x74c05000 	C:\Windows\System32\wshtcpip.dll
0x74fe0000 - 0x75024000 	C:\Windows\system32\DNSAPI.dll
0x6fbc0000 - 0x6fbe7000 	C:\Program Files\Common Files\Microsoft Shared\Windows Live\WLIDNSP.DLL
0x76b70000 - 0x76b75000 	C:\Windows\system32\PSAPI.DLL
0x733e0000 - 0x733fc000 	C:\Windows\system32\IPHLPAPI.DLL
0x733d0000 - 0x733d7000 	C:\Windows\system32\WINNSI.DLL
0x6fbb0000 - 0x6fbb6000 	C:\Windows\system32\rasadhlp.dll
0x71ef0000 - 0x71f28000 	C:\Windows\System32\fwpuclnt.dll
0x6d510000 - 0x6d535000 	C:\Program Files\Java\jre6\bin\jsound.dll
0x6d540000 - 0x6d548000 	C:\Program Files\Java\jre6\bin\jsoundds.dll
0x6bc40000 - 0x6bcb2000 	C:\Windows\system32\DSOUND.dll
0x74bc0000 - 0x74be5000 	C:\Windows\system32\POWRPROF.dll
0x76e80000 - 0x7701d000 	C:\Windows\system32\SETUPAPI.dll
0x75900000 - 0x75927000 	C:\Windows\system32\CFGMGR32.dll
0x75890000 - 0x758a2000 	C:\Windows\system32\DEVOBJ.dll
0x740d0000 - 0x74109000 	C:\Windows\system32\MMDevAPI.DLL
0x74480000 - 0x74575000 	C:\Windows\system32\PROPSYS.dll
0x739a0000 - 0x739d0000 	C:\Windows\system32\wdmaud.drv
0x73990000 - 0x73994000 	C:\Windows\system32\ksuser.dll
0x74120000 - 0x74127000 	C:\Windows\system32\AVRT.dll
0x737f0000 - 0x73826000 	C:\Windows\system32\AUDIOSES.DLL
0x737b0000 - 0x737b8000 	C:\Windows\system32\msacm32.drv
0x73790000 - 0x737a4000 	C:\Windows\system32\MSACM32.dll
0x73780000 - 0x73787000 	C:\Windows\system32\midimap.dll
0x77320000 - 0x773a3000 	C:\Windows\system32\CLBCatQ.DLL

VM Arguments:
jvm_args: -Dfile.encoding=Cp1250 
java_command: Organizer exit1
Launcher Type: SUN_STANDARD

Environment Variables:
PATH=C:/Program Files/Java/jre6/bin/client;C:/Program Files/Java/jre6/bin;C:/Program Files/Java/jre6/lib/i386;C:\Program Files\Common Files\Microsoft Shared\Windows Live;C:\Windows\system32;C:\Windows;C:\Windows\System32\Wbem;C:\Windows\System32\WindowsPowerShell\v1.0\;C:\Program Files\Windows Live\Shared;C:\Program Files\Toshiba\Bluetooth Toshiba Stack\sys\;c:\Program Files\Microsoft SQL Server\90\Tools\binn\;C:\Program Files\Heroku;C:\Program Files\git\bin;C:\Program Files\git\cmd;C:\Program Files\FERRO Software\FtpUse
USERNAME=Jakub
OS=Windows_NT
PROCESSOR_IDENTIFIER=x86 Family 6 Model 23 Stepping 10, GenuineIntel



---------------  S Y S T E M  ---------------

OS: Windows 7 Build 7600 

CPU:total 2 (2 cores per cpu, 1 threads per core) family 6 model 23 stepping 10, cmov, cx8, fxsr, mmx, sse, sse2, sse3, ssse3

Memory: 4k page, physical 3109760k(1255936k free), swap 6217756k(3493700k free)

vm_info: Java HotSpot(TM) Client VM (20.4-b02) for windows-x86 JRE (1.6.0_29-b11), built on Oct  3 2011 01:01:08 by "java_re" with MS VC++ 7.1 (VS2003)

time: Wed Jun 06 20:13:50 2012
elapsed time: 26 seconds

