#
# A fatal error has been detected by the Java Runtime Environment:
#
#  EXCEPTION_ACCESS_VIOLATION (0xc0000005) at pc=0x760476d0, pid=1588, tid=1168
#
# JRE version: 6.0_29-b11
# Java VM: Java HotSpot(TM) Client VM (20.4-b02 mixed mode, sharing windows-x86 )
# Problematic frame:
# C  [ole32.dll+0x376d0]
#
# If you would like to submit a bug report, please visit:
#   http://java.sun.com/webapps/bugreport/crash.jsp
# The crash happened outside the Java Virtual Machine in native code.
# See problematic frame for where to report the bug.
#

---------------  T H R E A D  ---------------

Current thread (0x03ee3000):  JavaThread "AWT-EventQueue-0" [_thread_in_native, id=1168, stack(0x043a0000,0x043f0000)]

siginfo: ExceptionCode=0xc0000005, reading address 0x00000060

Registers:
EAX=0x00000000, EBX=0x019c96b0, ECX=0x761573b0, EDX=0x00000014
ESP=0x043eed00, EBP=0x043eed30, ESI=0x001807a8, EDI=0x0019c438
EIP=0x760476d0, EFLAGS=0x00010246

Top of Stack: (sp=0x043eed00)
0x043eed00:   019c96b0 0019c438 00000000 00000000
0x043eed10:   76055d9e 001807a8 00000000 760643c7
0x043eed20:   0019c43c 043eed38 7606011b 76e4a4e6
0x043eed30:   043eed4c 7604760a 03f2d730 00000000
0x043eed40:   7614d83e 03f2e480 0019c438 043eed98
0x043eed50:   7609e1a9 76e4a44e 03f2e480 03f2e480
0x043eed60:   019c96b0 043eed7c 756892ee 00000000
0x043eed70:   00000000 00000500 001f0001 00000000 

Instructions: (pc=0x760476d0)
0x760476b0:   c2 02 00 64 a1 18 00 00 00 8b 80 80 0f 00 00 f6
0x760476c0:   40 0c 80 0f 84 a1 26 00 00 8b 46 40 53 89 46 38
0x760476d0:   8b 48 60 68 a0 86 05 76 89 4e 48 8b 40 64 68 b0
0x760476e0:   03 00 00 bb 58 77 15 76 68 50 02 06 76 8b cb 89 


Register to memory mapping:

EAX=0x00000000 is an unknown value
EBX=0x019c96b0 is a global jni handle
ECX=0x761573b0 is an unknown value
EDX=0x00000014 is an unknown value
ESP=0x043eed00 is pointing into the stack for thread: 0x03ee3000
EBP=0x043eed30 is pointing into the stack for thread: 0x03ee3000
ESI=0x001807a8 is an unknown value
EDI=0x0019c438 is an unknown value


Stack: [0x043a0000,0x043f0000],  sp=0x043eed00,  free space=315k
Native frames: (J=compiled Java code, j=interpreted, Vv=VM code, C=native code)
C  [ole32.dll+0x376d0]  CoUnmarshalInterface+0x2395
C  [ole32.dll+0x3760a]  CoUnmarshalInterface+0x22cf
C  [ole32.dll+0x8e1a9]  CoLockObjectExternal+0x22

Java frames: (J=compiled Java code, j=interpreted, Vv=VM code)
j  sun.awt.windows.WComponentPeer.addNativeDropTarget()J+0
j  sun.awt.windows.WComponentPeer.addDropTarget(Ljava/awt/dnd/DropTarget;)V+9
j  java.awt.dnd.DropTarget.addNotify(Ljava/awt/peer/ComponentPeer;)V+60
j  java.awt.Component.addNotify()V+297
j  java.awt.Container.addNotify()V+8
j  javax.swing.JComponent.addNotify()V+1
j  java.awt.Container.addNotify()V+61
j  javax.swing.JComponent.addNotify()V+1
j  java.awt.Container.addNotify()V+61
j  javax.swing.JComponent.addNotify()V+1
j  java.awt.Container.addNotify()V+61
j  javax.swing.JComponent.addNotify()V+1
j  java.awt.Container.addNotify()V+61
j  javax.swing.JComponent.addNotify()V+1
j  java.awt.Container.addNotify()V+61
j  javax.swing.JComponent.addNotify()V+1
j  java.awt.Container.addNotify()V+61
j  javax.swing.JComponent.addNotify()V+1
j  java.awt.Container.addImpl(Ljava/awt/Component;Ljava/lang/Object;I)V+194
j  java.awt.Container.add(Ljava/awt/Component;Ljava/lang/Object;I)V+4
j  javax.swing.JFrame.addImpl(Ljava/awt/Component;Ljava/lang/Object;I)V+14
j  java.awt.Container.add(Ljava/awt/Component;)Ljava/awt/Component;+4
j  view.MainFrame.<init>(Ljava/lang/String;IIII)V+740
j  controller.WelcomeFrameEvent$1.run()V+29
j  java.awt.event.InvocationEvent.dispatch()V+47
j  java.awt.EventQueue.dispatchEventImpl(Ljava/awt/AWTEvent;Ljava/lang/Object;)V+21
j  java.awt.EventQueue.access$000(Ljava/awt/EventQueue;Ljava/awt/AWTEvent;Ljava/lang/Object;)V+3
j  java.awt.EventQueue$1.run()Ljava/lang/Void;+12
j  java.awt.EventQueue$1.run()Ljava/lang/Object;+1
v  ~StubRoutines::call_stub
j  java.security.AccessController.doPrivileged(Ljava/security/PrivilegedAction;Ljava/security/AccessControlContext;)Ljava/lang/Object;+0
j  java.security.AccessControlContext$1.doIntersectionPrivilege(Ljava/security/PrivilegedAction;Ljava/security/AccessControlContext;Ljava/security/AccessControlContext;)Ljava/lang/Object;+28
j  java.awt.EventQueue.dispatchEvent(Ljava/awt/AWTEvent;)V+46
J  java.awt.EventDispatchThread.pumpOneEventForFilters(I)Z
j  java.awt.EventDispatchThread.pumpEventsForFilter(ILjava/awt/Conditional;Ljava/awt/EventFilter;)V+30
j  java.awt.EventDispatchThread.pumpEventsForHierarchy(ILjava/awt/Conditional;Ljava/awt/Component;)V+11
j  java.awt.EventDispatchThread.pumpEvents(ILjava/awt/Conditional;)V+4
j  java.awt.EventDispatchThread.pumpEvents(Ljava/awt/Conditional;)V+3
j  java.awt.EventDispatchThread.run()V+9
v  ~StubRoutines::call_stub

---------------  P R O C E S S  ---------------

Java Threads: ( => current thread )
  0x01a4b400 JavaThread "Java Sound Event Dispatcher" daemon [_thread_blocked, id=2276, stack(0x07ee0000,0x07f30000)]
  0x03eb2800 JavaThread "Thread-3" [_thread_blocked, id=5780, stack(0x06750000,0x067a0000)]
  0x019eb800 JavaThread "TimerQueue" daemon [_thread_blocked, id=4736, stack(0x079b0000,0x07a00000)]
  0x03f49800 JavaThread "D3D Screen Updater" daemon [_thread_blocked, id=5736, stack(0x066e0000,0x06730000)]
  0x01a89000 JavaThread "DestroyJavaVM" [_thread_blocked, id=1240, stack(0x002b0000,0x00300000)]
=>0x03ee3000 JavaThread "AWT-EventQueue-0" [_thread_in_native, id=1168, stack(0x043a0000,0x043f0000)]
  0x01a1b400 JavaThread "AWT-Windows" daemon [_thread_in_native, id=4148, stack(0x04350000,0x043a0000)]
  0x01a1ac00 JavaThread "AWT-Shutdown" [_thread_blocked, id=6028, stack(0x041e0000,0x04230000)]
  0x01a18800 JavaThread "Java2D Disposer" daemon [_thread_blocked, id=5620, stack(0x04190000,0x041e0000)]
  0x019de800 JavaThread "Low Memory Detector" daemon [_thread_blocked, id=1936, stack(0x03e00000,0x03e50000)]
  0x019c7c00 JavaThread "C1 CompilerThread0" daemon [_thread_blocked, id=5152, stack(0x03db0000,0x03e00000)]
  0x019c6c00 JavaThread "Attach Listener" daemon [_thread_blocked, id=3656, stack(0x03d60000,0x03db0000)]
  0x019c5c00 JavaThread "Signal Dispatcher" daemon [_thread_blocked, id=780, stack(0x03d10000,0x03d60000)]
  0x019bdc00 JavaThread "Finalizer" daemon [_thread_blocked, id=4744, stack(0x03cc0000,0x03d10000)]
  0x019bbc00 JavaThread "Reference Handler" daemon [_thread_blocked, id=3864, stack(0x03c70000,0x03cc0000)]

Other Threads:
  0x01980000 VMThread [stack: 0x03c20000,0x03c70000] [id=5596]
  0x019df400 WatcherThread [stack: 0x03e50000,0x03ea0000] [id=5192]

VM state:not at safepoint (normal execution)

VM Mutex/Monitor currently owned by a thread: None

Heap
 def new generation   total 4992K, used 883K [0x23b00000, 0x24060000, 0x29050000)
  eden space 4480K,  19% used [0x23b00000, 0x23bdcfc0, 0x23f60000)
  from space 512K,   0% used [0x23f60000, 0x23f60000, 0x23fe0000)
  to   space 512K,   0% used [0x23fe0000, 0x23fe0000, 0x24060000)
 tenured generation   total 25588K, used 17504K [0x29050000, 0x2a94d000, 0x33b00000)
   the space 25588K,  68% used [0x29050000, 0x2a168310, 0x2a168400, 0x2a94d000)
 compacting perm gen  total 12288K, used 3678K [0x33b00000, 0x34700000, 0x37b00000)
   the space 12288K,  29% used [0x33b00000, 0x33e97a38, 0x33e97c00, 0x34700000)
    ro space 10240K,  51% used [0x37b00000, 0x3802d0b8, 0x3802d200, 0x38500000)
    rw space 12288K,  54% used [0x38500000, 0x38b99570, 0x38b99600, 0x39100000)

Code Cache  [0x01a90000, 0x01b88000, 0x03a90000)
 total_blobs=521 nmethods=278 adapters=179 free_code_cache=32555712 largest_free_block=256

Dynamic libraries:
0x00400000 - 0x00424000 	C:\Program Files\Java\jre6\bin\javaw.exe
0x77280000 - 0x773bd000 	C:\Windows\SYSTEM32\ntdll.dll
0x76300000 - 0x763d4000 	C:\Windows\system32\kernel32.dll
0x75680000 - 0x756ca000 	C:\Windows\system32\KERNELBASE.dll
0x753a0000 - 0x753d7000 	C:\Program Files\AVAST Software\Avast\snxhk.dll
0x76170000 - 0x76210000 	C:\Windows\system32\ADVAPI32.dll
0x773f0000 - 0x7749c000 	C:\Windows\system32\msvcrt.dll
0x773c0000 - 0x773d9000 	C:\Windows\SYSTEM32\sechost.dll
0x757b0000 - 0x75851000 	C:\Windows\system32\RPCRT4.dll
0x75e40000 - 0x75f09000 	C:\Windows\system32\USER32.dll
0x75c70000 - 0x75cbe000 	C:\Windows\system32\GDI32.dll
0x75c60000 - 0x75c6a000 	C:\Windows\system32\LPK.dll
0x75f70000 - 0x7600d000 	C:\Windows\system32\USP10.dll
0x75a00000 - 0x75a1f000 	C:\Windows\system32\IMM32.DLL
0x77070000 - 0x7713c000 	C:\Windows\system32\MSCTF.dll
0x7c340000 - 0x7c396000 	C:\Program Files\Java\jre6\bin\msvcr71.dll
0x6d7f0000 - 0x6da9f000 	C:\Program Files\Java\jre6\bin\client\jvm.dll
0x73750000 - 0x73782000 	C:\Windows\system32\WINMM.dll
0x752c0000 - 0x7530b000 	C:\Windows\system32\apphelp.dll
0x6d7a0000 - 0x6d7ac000 	C:\Program Files\Java\jre6\bin\verify.dll
0x6d320000 - 0x6d33f000 	C:\Program Files\Java\jre6\bin\java.dll
0x6d7e0000 - 0x6d7ef000 	C:\Program Files\Java\jre6\bin\zip.dll
0x6d000000 - 0x6d14c000 	C:\Program Files\Java\jre6\bin\awt.dll
0x70430000 - 0x70481000 	C:\Windows\system32\WINSPOOL.DRV
0x76010000 - 0x7616c000 	C:\Windows\system32\ole32.dll
0x743b0000 - 0x7454e000 	C:\Windows\WinSxS\x86_microsoft.windows.common-controls_6595b64144ccf1df_6.0.7600.16661_none_420fe3fa2b8113bd\COMCTL32.dll
0x762a0000 - 0x762f7000 	C:\Windows\system32\SHLWAPI.dll
0x73f00000 - 0x73f13000 	C:\Windows\system32\DWMAPI.DLL
0x74230000 - 0x74270000 	C:\Windows\system32\uxtheme.dll
0x75310000 - 0x7531c000 	C:\Windows\system32\CRYPTBASE.dll
0x763e0000 - 0x77029000 	C:\Windows\system32\shell32.dll
0x6d230000 - 0x6d27f000 	C:\Program Files\Java\jre6\bin\fontmanager.dll
0x6eea0000 - 0x6f063000 	C:\Windows\system32\d3d9.dll
0x74840000 - 0x74849000 	C:\Windows\system32\VERSION.dll
0x6ee90000 - 0x6ee96000 	C:\Windows\system32\d3d8thk.dll
0x68ea0000 - 0x6919d000 	C:\Windows\system32\atiumdag.dll
0x689e0000 - 0x68cb4000 	C:\Windows\system32\atiumdva.dll
0x6d600000 - 0x6d613000 	C:\Program Files\Java\jre6\bin\net.dll
0x77030000 - 0x77065000 	C:\Windows\system32\WS2_32.dll
0x774a0000 - 0x774a6000 	C:\Windows\system32\NSI.dll
0x74e00000 - 0x74e3c000 	C:\Windows\system32\mswsock.dll
0x74df0000 - 0x74df6000 	C:\Windows\System32\wship6.dll
0x6d620000 - 0x6d629000 	C:\Program Files\Java\jre6\bin\nio.dll
0x76210000 - 0x7629f000 	C:\Windows\system32\OLEAUT32.DLL
0x6d1a0000 - 0x6d1c3000 	C:\Program Files\Java\jre6\bin\dcpr.dll
0x6d440000 - 0x6d465000 	C:\Program Files\Java\jre6\bin\jpeg.dll
0x748e0000 - 0x748e5000 	C:\Windows\System32\wshtcpip.dll
0x74cc0000 - 0x74d04000 	C:\Windows\system32\DNSAPI.dll
0x70160000 - 0x70187000 	C:\Program Files\Common Files\Microsoft Shared\Windows Live\WLIDNSP.DLL
0x75c50000 - 0x75c55000 	C:\Windows\system32\PSAPI.DLL
0x73130000 - 0x7314c000 	C:\Windows\system32\IPHLPAPI.DLL
0x73110000 - 0x73117000 	C:\Windows\system32\WINNSI.DLL
0x70150000 - 0x70156000 	C:\Windows\system32\rasadhlp.dll
0x72f70000 - 0x72fa8000 	C:\Windows\System32\fwpuclnt.dll
0x6d510000 - 0x6d535000 	C:\Program Files\Java\jre6\bin\jsound.dll
0x6d540000 - 0x6d548000 	C:\Program Files\Java\jre6\bin\jsoundds.dll
0x71ca0000 - 0x71d12000 	C:\Windows\system32\DSOUND.dll
0x74810000 - 0x74835000 	C:\Windows\system32\POWRPROF.dll
0x75860000 - 0x759fd000 	C:\Windows\system32\SETUPAPI.dll
0x75450000 - 0x75477000 	C:\Windows\system32\CFGMGR32.dll
0x75510000 - 0x75522000 	C:\Windows\system32\DEVOBJ.dll
0x73f20000 - 0x73f59000 	C:\Windows\system32\MMDevAPI.DLL
0x74270000 - 0x74365000 	C:\Windows\system32\PROPSYS.dll
0x736f0000 - 0x73720000 	C:\Windows\system32\wdmaud.drv
0x736e0000 - 0x736e4000 	C:\Windows\system32\ksuser.dll
0x73c00000 - 0x73c07000 	C:\Windows\system32\AVRT.dll
0x735b0000 - 0x735e6000 	C:\Windows\system32\AUDIOSES.DLL
0x73500000 - 0x73508000 	C:\Windows\system32\msacm32.drv
0x734e0000 - 0x734f4000 	C:\Windows\system32\MSACM32.dll
0x734d0000 - 0x734d7000 	C:\Windows\system32\midimap.dll
0x75720000 - 0x757a3000 	C:\Windows\system32\CLBCatQ.DLL

VM Arguments:
jvm_args: -Dfile.encoding=Cp1250 
java_command: Organizer
Launcher Type: SUN_STANDARD

Environment Variables:
PATH=C:/Program Files/Java/jre6/bin/client;C:/Program Files/Java/jre6/bin;C:/Program Files/Java/jre6/lib/i386;C:\Program Files\Common Files\Microsoft Shared\Windows Live;C:\Windows\system32;C:\Windows;C:\Windows\System32\Wbem;C:\Windows\System32\WindowsPowerShell\v1.0\;C:\Program Files\Windows Live\Shared;C:\Program Files\Toshiba\Bluetooth Toshiba Stack\sys\;c:\Program Files\Microsoft SQL Server\90\Tools\binn\;C:\Program Files\Heroku;C:\Program Files\git\bin;C:\Program Files\git\cmd;C:\Program Files\FERRO Software\FtpUse
USERNAME=Jakub
OS=Windows_NT
PROCESSOR_IDENTIFIER=x86 Family 6 Model 23 Stepping 10, GenuineIntel



---------------  S Y S T E M  ---------------

OS: Windows 7 Build 7600 

CPU:total 2 (2 cores per cpu, 1 threads per core) family 6 model 23 stepping 10, cmov, cx8, fxsr, mmx, sse, sse2, sse3, ssse3

Memory: 4k page, physical 3109760k(1019752k free), swap 6217756k(3653728k free)

vm_info: Java HotSpot(TM) Client VM (20.4-b02) for windows-x86 JRE (1.6.0_29-b11), built on Oct  3 2011 01:01:08 by "java_re" with MS VC++ 7.1 (VS2003)

time: Sun Jun 03 18:10:20 2012
elapsed time: 13 seconds

